TN:
SF:src\App.jsx
FN:51,App
FNF:1
FNH:0
FNDA:0,App
DA:53,0
LF:1
LH:0
BRF:0
BRH:0
end_of_record
TN:
SF:src\api\api.js
FN:14,(anonymous_0)
FN:29,(anonymous_1)
FN:46,(anonymous_2)
FN:50,safeGet
FN:61,safePost
FN:74,(anonymous_5)
FN:75,(anonymous_6)
FN:86,normalizePhoneFormats
FN:107,(anonymous_8)
FN:120,(anonymous_9)
FN:123,(anonymous_10)
FN:134,(anonymous_11)
FN:137,(anonymous_12)
FN:152,(anonymous_13)
FN:154,(anonymous_14)
FN:157,(anonymous_15)
FN:161,(anonymous_16)
FN:164,(anonymous_17)
FN:174,(anonymous_18)
FN:187,(anonymous_19)
FN:190,(anonymous_20)
FN:202,(anonymous_21)
FN:203,(anonymous_22)
FN:208,(anonymous_23)
FN:209,(anonymous_24)
FN:210,(anonymous_25)
FN:211,(anonymous_26)
FN:212,(anonymous_27)
FN:213,(anonymous_28)
FN:214,(anonymous_29)
FN:220,(anonymous_30)
FN:221,(anonymous_31)
FN:222,(anonymous_32)
FN:223,(anonymous_33)
FN:224,(anonymous_34)
FN:225,(anonymous_35)
FN:226,(anonymous_36)
FN:227,(anonymous_37)
FN:228,(anonymous_38)
FN:229,(anonymous_39)
FN:258,(anonymous_40)
FN:283,(anonymous_41)
FN:290,(anonymous_42)
FN:292,(anonymous_43)
FN:296,getDeviceId
FN:307,(anonymous_45)
FN:308,(anonymous_46)
FN:309,(anonymous_47)
FN:310,(anonymous_48)
FN:311,(anonymous_49)
FN:312,(anonymous_50)
FN:316,(anonymous_51)
FN:318,(anonymous_52)
FN:320,(anonymous_53)
FN:322,(anonymous_54)
FN:328,(anonymous_55)
FN:329,(anonymous_56)
FN:330,(anonymous_57)
FN:331,(anonymous_58)
FN:332,(anonymous_59)
FN:333,(anonymous_60)
FN:334,(anonymous_61)
FN:335,(anonymous_62)
FN:340,(anonymous_63)
FN:355,(anonymous_64)
FN:359,(anonymous_65)
FN:371,(anonymous_66)
FN:377,(anonymous_67)
FN:383,(anonymous_68)
FN:397,(anonymous_69)
FN:411,(anonymous_70)
FN:424,(anonymous_71)
FN:437,(anonymous_72)
FN:452,(anonymous_73)
FN:470,(anonymous_74)
FN:482,(anonymous_75)
FN:494,(anonymous_76)
FN:508,(anonymous_77)
FN:517,(anonymous_78)
FN:598,(anonymous_79)
FN:606,(anonymous_80)
FN:622,(anonymous_81)
FN:628,(anonymous_82)
FN:632,(anonymous_83)
FN:633,(anonymous_84)
FN:634,(anonymous_85)
FN:635,(anonymous_86)
FN:636,(anonymous_87)
FN:641,(anonymous_88)
FN:642,(anonymous_89)
FN:643,(anonymous_90)
FN:645,(anonymous_91)
FN:647,(anonymous_92)
FN:649,(anonymous_93)
FN:651,(anonymous_94)
FN:653,(anonymous_95)
FN:655,(anonymous_96)
FN:661,(anonymous_97)
FN:663,(anonymous_98)
FN:664,(anonymous_99)
FN:670,(anonymous_100)
FN:673,(anonymous_101)
FN:674,(anonymous_102)
FN:676,(anonymous_103)
FN:678,(anonymous_104)
FN:680,(anonymous_105)
FN:685,(anonymous_106)
FN:686,(anonymous_107)
FN:687,(anonymous_108)
FN:688,(anonymous_109)
FN:689,(anonymous_110)
FN:691,(anonymous_111)
FN:697,(anonymous_112)
FN:698,(anonymous_113)
FN:699,(anonymous_114)
FN:700,(anonymous_115)
FN:703,(anonymous_116)
FN:704,(anonymous_117)
FN:705,(anonymous_118)
FN:706,(anonymous_119)
FN:711,(anonymous_120)
FN:712,(anonymous_121)
FN:713,(anonymous_122)
FN:714,(anonymous_123)
FN:715,(anonymous_124)
FN:716,(anonymous_125)
FN:722,(anonymous_126)
FN:725,(anonymous_127)
FN:727,(anonymous_128)
FN:729,(anonymous_129)
FN:731,(anonymous_130)
FN:733,(anonymous_131)
FN:750,(anonymous_132)
FN:755,(anonymous_133)
FN:756,(anonymous_134)
FN:757,(anonymous_135)
FN:758,(anonymous_136)
FN:760,(anonymous_137)
FN:765,(anonymous_138)
FN:769,(anonymous_139)
FN:773,(anonymous_140)
FN:780,(anonymous_141)
FN:787,(anonymous_142)
FN:795,(anonymous_143)
FN:802,(anonymous_144)
FN:809,(anonymous_145)
FN:816,(anonymous_146)
FN:823,(anonymous_147)
FN:831,(anonymous_148)
FN:839,(anonymous_149)
FN:846,(anonymous_150)
FN:854,(anonymous_151)
FN:862,(anonymous_152)
FN:869,(anonymous_153)
FN:876,(anonymous_154)
FN:883,(anonymous_155)
FN:891,(anonymous_156)
FN:898,(anonymous_157)
FN:905,(anonymous_158)
FN:912,(anonymous_159)
FN:920,(anonymous_160)
FN:927,(anonymous_161)
FN:934,(anonymous_162)
FN:941,(anonymous_163)
FN:948,(anonymous_164)
FN:956,(anonymous_165)
FN:963,(anonymous_166)
FN:970,(anonymous_167)
FN:977,(anonymous_168)
FNF:169
FNH:0
FNDA:0,(anonymous_0)
FNDA:0,(anonymous_1)
FNDA:0,(anonymous_2)
FNDA:0,safeGet
FNDA:0,safePost
FNDA:0,(anonymous_5)
FNDA:0,(anonymous_6)
FNDA:0,normalizePhoneFormats
FNDA:0,(anonymous_8)
FNDA:0,(anonymous_9)
FNDA:0,(anonymous_10)
FNDA:0,(anonymous_11)
FNDA:0,(anonymous_12)
FNDA:0,(anonymous_13)
FNDA:0,(anonymous_14)
FNDA:0,(anonymous_15)
FNDA:0,(anonymous_16)
FNDA:0,(anonymous_17)
FNDA:0,(anonymous_18)
FNDA:0,(anonymous_19)
FNDA:0,(anonymous_20)
FNDA:0,(anonymous_21)
FNDA:0,(anonymous_22)
FNDA:0,(anonymous_23)
FNDA:0,(anonymous_24)
FNDA:0,(anonymous_25)
FNDA:0,(anonymous_26)
FNDA:0,(anonymous_27)
FNDA:0,(anonymous_28)
FNDA:0,(anonymous_29)
FNDA:0,(anonymous_30)
FNDA:0,(anonymous_31)
FNDA:0,(anonymous_32)
FNDA:0,(anonymous_33)
FNDA:0,(anonymous_34)
FNDA:0,(anonymous_35)
FNDA:0,(anonymous_36)
FNDA:0,(anonymous_37)
FNDA:0,(anonymous_38)
FNDA:0,(anonymous_39)
FNDA:0,(anonymous_40)
FNDA:0,(anonymous_41)
FNDA:0,(anonymous_42)
FNDA:0,(anonymous_43)
FNDA:0,getDeviceId
FNDA:0,(anonymous_45)
FNDA:0,(anonymous_46)
FNDA:0,(anonymous_47)
FNDA:0,(anonymous_48)
FNDA:0,(anonymous_49)
FNDA:0,(anonymous_50)
FNDA:0,(anonymous_51)
FNDA:0,(anonymous_52)
FNDA:0,(anonymous_53)
FNDA:0,(anonymous_54)
FNDA:0,(anonymous_55)
FNDA:0,(anonymous_56)
FNDA:0,(anonymous_57)
FNDA:0,(anonymous_58)
FNDA:0,(anonymous_59)
FNDA:0,(anonymous_60)
FNDA:0,(anonymous_61)
FNDA:0,(anonymous_62)
FNDA:0,(anonymous_63)
FNDA:0,(anonymous_64)
FNDA:0,(anonymous_65)
FNDA:0,(anonymous_66)
FNDA:0,(anonymous_67)
FNDA:0,(anonymous_68)
FNDA:0,(anonymous_69)
FNDA:0,(anonymous_70)
FNDA:0,(anonymous_71)
FNDA:0,(anonymous_72)
FNDA:0,(anonymous_73)
FNDA:0,(anonymous_74)
FNDA:0,(anonymous_75)
FNDA:0,(anonymous_76)
FNDA:0,(anonymous_77)
FNDA:0,(anonymous_78)
FNDA:0,(anonymous_79)
FNDA:0,(anonymous_80)
FNDA:0,(anonymous_81)
FNDA:0,(anonymous_82)
FNDA:0,(anonymous_83)
FNDA:0,(anonymous_84)
FNDA:0,(anonymous_85)
FNDA:0,(anonymous_86)
FNDA:0,(anonymous_87)
FNDA:0,(anonymous_88)
FNDA:0,(anonymous_89)
FNDA:0,(anonymous_90)
FNDA:0,(anonymous_91)
FNDA:0,(anonymous_92)
FNDA:0,(anonymous_93)
FNDA:0,(anonymous_94)
FNDA:0,(anonymous_95)
FNDA:0,(anonymous_96)
FNDA:0,(anonymous_97)
FNDA:0,(anonymous_98)
FNDA:0,(anonymous_99)
FNDA:0,(anonymous_100)
FNDA:0,(anonymous_101)
FNDA:0,(anonymous_102)
FNDA:0,(anonymous_103)
FNDA:0,(anonymous_104)
FNDA:0,(anonymous_105)
FNDA:0,(anonymous_106)
FNDA:0,(anonymous_107)
FNDA:0,(anonymous_108)
FNDA:0,(anonymous_109)
FNDA:0,(anonymous_110)
FNDA:0,(anonymous_111)
FNDA:0,(anonymous_112)
FNDA:0,(anonymous_113)
FNDA:0,(anonymous_114)
FNDA:0,(anonymous_115)
FNDA:0,(anonymous_116)
FNDA:0,(anonymous_117)
FNDA:0,(anonymous_118)
FNDA:0,(anonymous_119)
FNDA:0,(anonymous_120)
FNDA:0,(anonymous_121)
FNDA:0,(anonymous_122)
FNDA:0,(anonymous_123)
FNDA:0,(anonymous_124)
FNDA:0,(anonymous_125)
FNDA:0,(anonymous_126)
FNDA:0,(anonymous_127)
FNDA:0,(anonymous_128)
FNDA:0,(anonymous_129)
FNDA:0,(anonymous_130)
FNDA:0,(anonymous_131)
FNDA:0,(anonymous_132)
FNDA:0,(anonymous_133)
FNDA:0,(anonymous_134)
FNDA:0,(anonymous_135)
FNDA:0,(anonymous_136)
FNDA:0,(anonymous_137)
FNDA:0,(anonymous_138)
FNDA:0,(anonymous_139)
FNDA:0,(anonymous_140)
FNDA:0,(anonymous_141)
FNDA:0,(anonymous_142)
FNDA:0,(anonymous_143)
FNDA:0,(anonymous_144)
FNDA:0,(anonymous_145)
FNDA:0,(anonymous_146)
FNDA:0,(anonymous_147)
FNDA:0,(anonymous_148)
FNDA:0,(anonymous_149)
FNDA:0,(anonymous_150)
FNDA:0,(anonymous_151)
FNDA:0,(anonymous_152)
FNDA:0,(anonymous_153)
FNDA:0,(anonymous_154)
FNDA:0,(anonymous_155)
FNDA:0,(anonymous_156)
FNDA:0,(anonymous_157)
FNDA:0,(anonymous_158)
FNDA:0,(anonymous_159)
FNDA:0,(anonymous_160)
FNDA:0,(anonymous_161)
FNDA:0,(anonymous_162)
FNDA:0,(anonymous_163)
FNDA:0,(anonymous_164)
FNDA:0,(anonymous_165)
FNDA:0,(anonymous_166)
FNDA:0,(anonymous_167)
FNDA:0,(anonymous_168)
DA:3,0
DA:7,0
DA:13,0
DA:15,0
DA:29,0
DA:31,0
DA:32,0
DA:34,0
DA:35,0
DA:36,0
DA:37,0
DA:40,0
DA:41,0
DA:44,0
DA:46,0
DA:51,0
DA:52,0
DA:54,0
DA:55,0
DA:57,0
DA:62,0
DA:63,0
DA:65,0
DA:66,0
DA:68,0
DA:73,0
DA:74,0
DA:76,0
DA:77,0
DA:78,0
DA:79,0
DA:81,0
DA:87,0
DA:88,0
DA:90,0
DA:91,0
DA:92,0
DA:93,0
DA:94,0
DA:95,0
DA:97,0
DA:98,0
DA:101,0
DA:105,0
DA:108,0
DA:109,0
DA:121,0
DA:124,0
DA:125,0
DA:135,0
DA:138,0
DA:139,0
DA:153,0
DA:155,0
DA:158,0
DA:162,0
DA:165,0
DA:166,0
DA:175,0
DA:176,0
DA:188,0
DA:191,0
DA:192,0
DA:202,0
DA:203,0
DA:207,0
DA:208,0
DA:209,0
DA:210,0
DA:211,0
DA:212,0
DA:213,0
DA:215,0
DA:219,0
DA:220,0
DA:221,0
DA:222,0
DA:223,0
DA:224,0
DA:225,0
DA:226,0
DA:227,0
DA:228,0
DA:230,0
DA:239,0
DA:251,0
DA:252,0
DA:255,0
DA:256,0
DA:259,0
DA:267,0
DA:281,0
DA:284,0
DA:285,0
DA:290,0
DA:292,0
DA:297,0
DA:298,0
DA:299,0
DA:300,0
DA:302,0
DA:306,0
DA:307,0
DA:308,0
DA:309,0
DA:310,0
DA:311,0
DA:313,0
DA:317,0
DA:319,0
DA:321,0
DA:323,0
DA:327,0
DA:328,0
DA:329,0
DA:330,0
DA:331,0
DA:332,0
DA:333,0
DA:334,0
DA:335,0
DA:339,0
DA:341,0
DA:348,0
DA:356,0
DA:359,0
DA:364,0
DA:371,0
DA:377,0
DA:384,0
DA:385,0
DA:387,0
DA:392,0
DA:398,0
DA:399,0
DA:401,0
DA:405,0
DA:412,0
DA:417,0
DA:425,0
DA:430,0
DA:438,0
DA:445,0
DA:453,0
DA:463,0
DA:471,0
DA:475,0
DA:483,0
DA:487,0
DA:495,0
DA:500,0
DA:508,0
DA:516,0
DA:521,0
DA:523,0
DA:525,0
DA:532,0
DA:536,0
DA:537,0
DA:538,0
DA:541,0
DA:548,0
DA:551,0
DA:552,0
DA:553,0
DA:556,0
DA:563,0
DA:568,0
DA:575,0
DA:578,0
DA:588,0
DA:589,0
DA:592,0
DA:594,0
DA:599,0
DA:600,0
DA:601,0
DA:607,0
DA:615,0
DA:622,0
DA:628,0
DA:631,0
DA:632,0
DA:633,0
DA:634,0
DA:635,0
DA:636,0
DA:640,0
DA:641,0
DA:642,0
DA:644,0
DA:646,0
DA:648,0
DA:650,0
DA:652,0
DA:654,0
DA:656,0
DA:660,0
DA:662,0
DA:663,0
DA:664,0
DA:668,0
DA:670,0
DA:673,0
DA:675,0
DA:677,0
DA:679,0
DA:680,0
DA:684,0
DA:685,0
DA:686,0
DA:687,0
DA:688,0
DA:690,0
DA:692,0
DA:696,0
DA:697,0
DA:698,0
DA:699,0
DA:700,0
DA:703,0
DA:704,0
DA:705,0
DA:706,0
DA:710,0
DA:711,0
DA:712,0
DA:713,0
DA:714,0
DA:715,0
DA:716,0
DA:720,0
DA:722,0
DA:725,0
DA:727,0
DA:729,0
DA:731,0
DA:735,0
DA:740,0
DA:741,0
DA:742,0
DA:743,0
DA:746,0
DA:750,0
DA:754,0
DA:755,0
DA:756,0
DA:757,0
DA:759,0
DA:760,0
DA:764,0
DA:766,0
DA:770,0
DA:774,0
DA:775,0
DA:781,0
DA:782,0
DA:788,0
DA:789,0
DA:796,0
DA:797,0
DA:803,0
DA:804,0
DA:810,0
DA:811,0
DA:817,0
DA:818,0
DA:824,0
DA:825,0
DA:832,0
DA:833,0
DA:840,0
DA:841,0
DA:847,0
DA:848,0
DA:855,0
DA:856,0
DA:863,0
DA:864,0
DA:870,0
DA:871,0
DA:877,0
DA:878,0
DA:884,0
DA:885,0
DA:892,0
DA:893,0
DA:899,0
DA:900,0
DA:906,0
DA:907,0
DA:913,0
DA:914,0
DA:921,0
DA:922,0
DA:928,0
DA:929,0
DA:935,0
DA:936,0
DA:942,0
DA:943,0
DA:949,0
DA:950,0
DA:957,0
DA:958,0
DA:964,0
DA:965,0
DA:971,0
DA:972,0
DA:978,0
DA:979,0
LF:311
LH:0
BRDA:3,0,0,0
BRDA:3,0,1,0
BRDA:29,1,0,0
BRDA:29,1,1,0
BRDA:31,2,0,0
BRDA:31,2,1,0
BRDA:31,3,0,0
BRDA:31,3,1,0
BRDA:31,3,2,0
BRDA:34,4,0,0
BRDA:34,4,1,0
BRDA:36,5,0,0
BRDA:36,5,1,0
BRDA:40,6,0,0
BRDA:40,6,1,0
BRDA:40,7,0,0
BRDA:40,7,1,0
BRDA:50,8,0,0
BRDA:54,9,0,0
BRDA:54,9,1,0
BRDA:55,10,0,0
BRDA:55,10,1,0
BRDA:55,11,0,0
BRDA:55,11,1,0
BRDA:61,12,0,0
BRDA:61,13,0,0
BRDA:65,14,0,0
BRDA:65,14,1,0
BRDA:66,15,0,0
BRDA:66,15,1,0
BRDA:76,16,0,0
BRDA:76,16,1,0
BRDA:87,17,0,0
BRDA:87,17,1,0
BRDA:90,18,0,0
BRDA:90,18,1,0
BRDA:91,19,0,0
BRDA:91,19,1,0
BRDA:92,20,0,0
BRDA:92,20,1,0
BRDA:93,21,0,0
BRDA:93,21,1,0
BRDA:93,22,0,0
BRDA:93,22,1,0
BRDA:98,23,0,0
BRDA:98,23,1,0
BRDA:99,24,0,0
BRDA:99,24,1,0
BRDA:231,25,0,0
BRDA:231,25,1,0
BRDA:231,25,2,0
BRDA:231,25,3,0
BRDA:231,25,4,0
BRDA:231,25,5,0
BRDA:241,26,0,0
BRDA:241,26,1,0
BRDA:242,27,0,0
BRDA:242,27,1,0
BRDA:243,28,0,0
BRDA:243,28,1,0
BRDA:244,29,0,0
BRDA:244,29,1,0
BRDA:245,30,0,0
BRDA:245,30,1,0
BRDA:247,31,0,0
BRDA:247,31,1,0
BRDA:251,32,0,0
BRDA:251,32,1,0
BRDA:251,33,0,0
BRDA:251,33,1,0
BRDA:260,34,0,0
BRDA:260,34,1,0
BRDA:260,34,2,0
BRDA:260,34,3,0
BRDA:260,34,4,0
BRDA:260,34,5,0
BRDA:273,35,0,0
BRDA:273,35,1,0
BRDA:274,36,0,0
BRDA:274,36,1,0
BRDA:275,37,0,0
BRDA:275,37,1,0
BRDA:276,38,0,0
BRDA:276,38,1,0
BRDA:278,39,0,0
BRDA:278,39,1,0
BRDA:279,40,0,0
BRDA:279,40,1,0
BRDA:279,40,2,0
BRDA:298,41,0,0
BRDA:298,41,1,0
BRDA:384,42,0,0
BRDA:384,42,1,0
BRDA:384,43,0,0
BRDA:384,43,1,0
BRDA:390,44,0,0
BRDA:390,44,1,0
BRDA:398,45,0,0
BRDA:398,45,1,0
BRDA:398,46,0,0
BRDA:398,46,1,0
BRDA:459,47,0,0
BRDA:459,47,1,0
BRDA:460,48,0,0
BRDA:460,48,1,0
BRDA:485,49,0,0
BRDA:485,49,1,0
BRDA:521,50,0,0
BRDA:521,50,1,0
BRDA:521,51,0,0
BRDA:521,51,1,0
BRDA:523,52,0,0
BRDA:523,52,1,0
BRDA:523,52,2,0
BRDA:523,52,3,0
BRDA:523,52,4,0
BRDA:523,52,5,0
BRDA:523,52,6,0
BRDA:527,53,0,0
BRDA:527,53,1,0
BRDA:530,54,0,0
BRDA:530,54,1,0
BRDA:536,55,0,0
BRDA:536,55,1,0
BRDA:537,56,0,0
BRDA:537,56,1,0
BRDA:537,57,0,0
BRDA:537,57,1,0
BRDA:546,58,0,0
BRDA:546,58,1,0
BRDA:551,59,0,0
BRDA:551,59,1,0
BRDA:552,60,0,0
BRDA:552,60,1,0
BRDA:552,61,0,0
BRDA:552,61,1,0
BRDA:560,62,0,0
BRDA:560,62,1,0
BRDA:561,63,0,0
BRDA:561,63,1,0
BRDA:573,64,0,0
BRDA:573,64,1,0
BRDA:583,65,0,0
BRDA:583,65,1,0
BRDA:588,66,0,0
BRDA:588,66,1,0
BRDA:588,67,0,0
BRDA:588,67,1,0
BRDA:612,68,0,0
BRDA:612,68,1,0
BRDA:670,69,0,0
BRDA:670,69,1,0
BRDA:700,70,0,0
BRDA:725,71,0,0
BRDA:743,72,0,0
BRDA:743,72,1,0
BRDA:743,73,0,0
BRDA:743,73,1,0
BRF:158
BRH:0
end_of_record
TN:
SF:src\components\AdminProtectedRoute.jsx
FN:4,(anonymous_0)
FNF:1
FNH:0
FNDA:0,(anonymous_0)
DA:4,0
DA:5,0
DA:6,0
DA:8,0
DA:9,0
DA:12,0
DA:13,0
DA:14,0
DA:15,0
DA:18,0
DA:19,0
DA:20,0
DA:23,0
LF:13
LH:0
BRDA:8,0,0,0
BRDA:8,0,1,0
BRDA:8,1,0,0
BRDA:8,1,1,0
BRDA:14,2,0,0
BRDA:14,2,1,0
BRF:6
BRH:0
end_of_record
TN:
SF:src\components\Chatbot.jsx
FN:5,(anonymous_0)
FN:18,(anonymous_1)
FN:28,(anonymous_2)
FN:32,(anonymous_3)
FN:40,(anonymous_4)
FN:44,(anonymous_5)
FN:64,(anonymous_6)
FN:75,(anonymous_7)
FN:94,(anonymous_8)
FN:101,(anonymous_9)
FN:123,(anonymous_10)
FNF:11
FNH:0
FNDA:0,(anonymous_0)
FNDA:0,(anonymous_1)
FNDA:0,(anonymous_2)
FNDA:0,(anonymous_3)
FNDA:0,(anonymous_4)
FNDA:0,(anonymous_5)
FNDA:0,(anonymous_6)
FNDA:0,(anonymous_7)
FNDA:0,(anonymous_8)
FNDA:0,(anonymous_9)
FNDA:0,(anonymous_10)
DA:5,0
DA:6,0
DA:7,0
DA:15,0
DA:16,0
DA:18,0
DA:19,0
DA:21,0
DA:28,0
DA:29,0
DA:32,0
DA:33,0
DA:34,0
DA:40,0
DA:44,0
DA:45,0
DA:46,0
DA:47,0
DA:48,0
DA:49,0
DA:50,0
DA:51,0
DA:52,0
DA:53,0
DA:54,0
DA:55,0
DA:56,0
DA:57,0
DA:58,0
DA:60,0
DA:64,0
DA:65,0
DA:66,0
DA:70,0
DA:75,0
DA:94,0
DA:102,0
DA:123,0
LF:38
LH:0
BRDA:19,0,0,0
BRDA:19,0,1,0
BRDA:45,1,0,0
BRDA:45,1,1,0
BRDA:45,2,0,0
BRDA:45,2,1,0
BRDA:47,3,0,0
BRDA:47,3,1,0
BRDA:47,4,0,0
BRDA:47,4,1,0
BRDA:49,5,0,0
BRDA:49,5,1,0
BRDA:49,6,0,0
BRDA:49,6,1,0
BRDA:51,7,0,0
BRDA:51,7,1,0
BRDA:51,8,0,0
BRDA:51,8,1,0
BRDA:53,9,0,0
BRDA:53,9,1,0
BRDA:53,10,0,0
BRDA:53,10,1,0
BRDA:55,11,0,0
BRDA:55,11,1,0
BRDA:55,12,0,0
BRDA:55,12,1,0
BRDA:57,13,0,0
BRDA:57,13,1,0
BRDA:57,14,0,0
BRDA:57,14,1,0
BRDA:65,15,0,0
BRDA:65,15,1,0
BRDA:79,16,0,0
BRDA:79,16,1,0
BRDA:85,17,0,0
BRDA:85,17,1,0
BRDA:104,18,0,0
BRDA:104,18,1,0
BRF:38
BRH:0
end_of_record
TN:
SF:src\components\Footer.jsx
FN:3,Footer
FNF:1
FNH:1
FNDA:13,Footer
DA:4,13
DA:5,13
LF:2
LH:2
BRF:0
BRH:0
end_of_record
TN:
SF:src\components\JourneyTracker.jsx
FNF:0
FNH:0
LF:0
LH:0
BRF:0
BRH:0
end_of_record
TN:
SF:src\components\NavBar.jsx
FN:5,NavBar
FN:19,(anonymous_1)
FN:31,(anonymous_2)
FNF:3
FNH:0
FNDA:0,NavBar
FNDA:0,(anonymous_1)
FNDA:0,(anonymous_2)
DA:6,0
DA:8,0
DA:19,0
DA:31,0
LF:4
LH:0
BRF:0
BRH:0
end_of_record
TN:
SF:src\components\NearbyStationsFinder.jsx
FN:6,NearbyStationsFinder
FN:14,(anonymous_1)
FN:17,(anonymous_2)
FN:19,(anonymous_3)
FN:33,(anonymous_4)
FN:39,(anonymous_5)
FN:52,(anonymous_6)
FN:60,(anonymous_7)
FN:88,(anonymous_8)
FN:91,(anonymous_9)
FN:119,(anonymous_10)
FN:132,(anonymous_11)
FN:145,(anonymous_12)
FN:149,(anonymous_13)
FN:155,(anonymous_14)
FN:276,(anonymous_15)
FN:281,(anonymous_16)
FN:315,(anonymous_17)
FN:326,(anonymous_18)
FNF:19
FNH:0
FNDA:0,NearbyStationsFinder
FNDA:0,(anonymous_1)
FNDA:0,(anonymous_2)
FNDA:0,(anonymous_3)
FNDA:0,(anonymous_4)
FNDA:0,(anonymous_5)
FNDA:0,(anonymous_6)
FNDA:0,(anonymous_7)
FNDA:0,(anonymous_8)
FNDA:0,(anonymous_9)
FNDA:0,(anonymous_10)
FNDA:0,(anonymous_11)
FNDA:0,(anonymous_12)
FNDA:0,(anonymous_13)
FNDA:0,(anonymous_14)
FNDA:0,(anonymous_15)
FNDA:0,(anonymous_16)
FNDA:0,(anonymous_17)
FNDA:0,(anonymous_18)
DA:7,0
DA:8,0
DA:9,0
DA:10,0
DA:11,0
DA:13,0
DA:14,0
DA:15,0
DA:17,0
DA:19,0
DA:20,0
DA:23,0
DA:24,0
DA:25,0
DA:28,0
DA:29,0
DA:33,0
DA:34,0
DA:35,0
DA:39,0
DA:40,0
DA:41,0
DA:42,0
DA:43,0
DA:45,0
DA:46,0
DA:47,0
DA:48,0
DA:51,0
DA:53,0
DA:57,0
DA:58,0
DA:61,0
DA:62,0
DA:64,0
DA:66,0
DA:67,0
DA:68,0
DA:70,0
DA:71,0
DA:73,0
DA:74,0
DA:76,0
DA:77,0
DA:88,0
DA:89,0
DA:91,0
DA:93,0
DA:96,0
DA:100,0
DA:107,0
DA:118,0
DA:119,0
DA:122,0
DA:124,0
DA:125,0
DA:127,0
DA:132,0
DA:133,0
DA:134,0
DA:135,0
DA:137,0
DA:140,0
DA:141,0
DA:142,0
DA:145,0
DA:146,0
DA:149,0
DA:150,0
DA:151,0
DA:152,0
DA:155,0
DA:157,0
DA:160,0
DA:161,0
DA:165,0
DA:168,0
DA:170,0
DA:277,0
DA:281,0
DA:316,0
DA:317,0
DA:327,0
DA:328,0
LF:84
LH:0
BRDA:15,0,0,0
BRDA:15,0,1,0
BRDA:15,0,2,0
BRDA:20,1,0,0
BRDA:20,1,1,0
BRDA:23,2,0,0
BRDA:23,2,1,0
BRDA:28,3,0,0
BRDA:28,3,1,0
BRDA:28,4,0,0
BRDA:28,4,1,0
BRDA:28,4,2,0
BRDA:45,5,0,0
BRDA:45,5,1,0
BRDA:64,6,0,0
BRDA:64,6,1,0
BRDA:64,6,2,0
BRDA:64,6,3,0
BRDA:93,7,0,0
BRDA:93,7,1,0
BRDA:93,7,2,0
BRDA:96,8,0,0
BRDA:96,8,1,0
BRDA:96,8,2,0
BRDA:160,9,0,0
BRDA:160,9,1,0
BRDA:168,10,0,0
BRDA:168,10,1,0
BRDA:199,11,0,0
BRDA:199,11,1,0
BRDA:199,11,2,0
BRDA:199,11,3,0
BRDA:214,12,0,0
BRDA:214,12,1,0
BRDA:224,13,0,0
BRDA:224,13,1,0
BRDA:231,14,0,0
BRDA:231,14,1,0
BRDA:253,15,0,0
BRDA:253,15,1,0
BRDA:278,16,0,0
BRDA:278,16,1,0
BRDA:278,16,2,0
BRDA:294,17,0,0
BRDA:294,17,1,0
BRDA:294,17,2,0
BRDA:299,18,0,0
BRDA:299,18,1,0
BRDA:304,19,0,0
BRDA:304,19,1,0
BRF:50
BRH:0
end_of_record
TN:
SF:src\components\NotificationToast.jsx
FN:4,(anonymous_0)
FN:5,(anonymous_1)
FNF:2
FNH:0
FNDA:0,(anonymous_0)
FNDA:0,(anonymous_1)
DA:4,0
DA:5,0
DA:6,0
DA:7,0
DA:9,0
DA:17,0
DA:19,0
DA:27,0
DA:29,0
DA:37,0
DA:40,0
DA:48,0
DA:53,0
LF:13
LH:0
BRDA:4,0,0,0
BRDA:4,1,0,0
BRDA:6,2,0,0
BRDA:6,2,1,0
BRDA:7,3,0,0
BRDA:7,3,1,0
BRDA:7,3,2,0
BRDA:7,3,3,0
BRDA:7,3,4,0
BRF:9
BRH:0
end_of_record
TN:
SF:src\components\PaymentSuccessNotification.jsx
FN:3,(anonymous_0)
FN:6,(anonymous_1)
FN:7,(anonymous_2)
FN:12,(anonymous_3)
FN:17,(anonymous_4)
FN:26,(anonymous_5)
FN:45,(anonymous_6)
FNF:7
FNH:0
FNDA:0,(anonymous_0)
FNDA:0,(anonymous_1)
FNDA:0,(anonymous_2)
FNDA:0,(anonymous_3)
FNDA:0,(anonymous_4)
FNDA:0,(anonymous_5)
FNDA:0,(anonymous_6)
DA:3,0
DA:4,0
DA:6,0
DA:7,0
DA:8,0
DA:9,0
DA:12,0
DA:15,0
DA:17,0
DA:18,0
DA:19,0
DA:20,0
DA:21,0
DA:22,0
DA:26,0
DA:27,0
DA:28,0
DA:29,0
DA:30,0
DA:31,0
DA:35,0
DA:46,0
DA:47,0
LF:23
LH:0
BRDA:3,0,0,0
BRDA:9,1,0,0
BRDA:9,1,1,0
BRDA:15,2,0,0
BRDA:15,2,1,0
BRDA:18,3,0,0
BRDA:18,3,1,0
BRDA:18,3,2,0
BRDA:18,3,3,0
BRDA:27,4,0,0
BRDA:27,4,1,0
BRDA:27,4,2,0
BRDA:27,4,3,0
BRDA:39,5,0,0
BRDA:39,5,1,0
BRDA:47,6,0,0
BRDA:47,6,1,0
BRF:17
BRH:0
end_of_record
TN:
SF:src\components\RechargeByCardNumber.jsx
FN:5,RechargeByCardNumber
FN:12,(anonymous_1)
FN:106,(anonymous_2)
FN:120,(anonymous_3)
FN:136,(anonymous_4)
FN:145,(anonymous_5)
FN:156,(anonymous_6)
FN:165,(anonymous_7)
FNF:8
FNH:1
FNDA:16,RechargeByCardNumber
FNDA:0,(anonymous_1)
FNDA:0,(anonymous_2)
FNDA:0,(anonymous_3)
FNDA:0,(anonymous_4)
FNDA:0,(anonymous_5)
FNDA:0,(anonymous_6)
FNDA:0,(anonymous_7)
DA:6,16
DA:7,16
DA:8,16
DA:9,16
DA:10,16
DA:12,16
DA:13,0
DA:14,0
DA:15,0
DA:17,0
DA:18,0
DA:19,0
DA:22,0
DA:23,0
DA:25,0
DA:27,0
DA:30,0
DA:31,0
DA:32,0
DA:33,0
DA:37,0
DA:38,0
DA:39,0
DA:40,0
DA:41,0
DA:42,0
DA:45,0
DA:46,0
DA:48,0
DA:50,0
DA:51,0
DA:55,0
DA:65,0
DA:67,0
DA:68,0
DA:70,0
DA:74,16
DA:76,0
DA:106,0
DA:120,0
DA:136,0
DA:145,0
DA:156,0
DA:165,0
LF:44
LH:7
BRDA:13,0,0,0
BRDA:13,0,1,0
BRDA:17,1,0,0
BRDA:17,1,1,0
BRDA:30,2,0,0
BRDA:30,2,1,0
BRDA:39,3,0,0
BRDA:39,3,1,0
BRDA:45,4,0,0
BRDA:45,4,1,0
BRDA:68,5,0,0
BRDA:68,5,1,0
BRDA:74,6,0,16
BRDA:74,6,1,0
BRDA:92,7,0,0
BRDA:92,7,1,0
BRDA:186,8,0,0
BRDA:186,8,1,0
BRDA:186,8,2,0
BRDA:188,9,0,0
BRDA:188,9,1,0
BRF:21
BRH:1
end_of_record
TN:
SF:src\components\RequireAuth.jsx
FN:4,RequireAuth
FN:5,(anonymous_1)
FN:6,(anonymous_2)
FN:10,(anonymous_3)
FN:11,(anonymous_4)
FNF:5
FNH:0
FNDA:0,RequireAuth
FNDA:0,(anonymous_1)
FNDA:0,(anonymous_2)
FNDA:0,(anonymous_3)
FNDA:0,(anonymous_4)
DA:5,0
DA:6,0
DA:7,0
DA:10,0
DA:11,0
DA:13,0
DA:15,0
DA:16,0
LF:8
LH:0
BRDA:11,0,0,0
BRDA:11,0,1,0
BRDA:13,1,0,0
BRDA:13,1,1,0
BRDA:13,1,2,0
BRDA:13,1,3,0
BRDA:13,1,4,0
BRDA:13,1,5,0
BRDA:13,1,6,0
BRDA:13,1,7,0
BRDA:15,2,0,0
BRDA:15,2,1,0
BRF:12
BRH:0
end_of_record
TN:
SF:src\components\SimpleNotification.jsx
FN:3,(anonymous_0)
FN:6,(anonymous_1)
FN:8,(anonymous_2)
FN:13,(anonymous_3)
FN:19,(anonymous_4)
FN:29,(anonymous_5)
FN:47,(anonymous_6)
FNF:7
FNH:0
FNDA:0,(anonymous_0)
FNDA:0,(anonymous_1)
FNDA:0,(anonymous_2)
FNDA:0,(anonymous_3)
FNDA:0,(anonymous_4)
FNDA:0,(anonymous_5)
FNDA:0,(anonymous_6)
DA:3,1
DA:4,0
DA:6,0
DA:7,0
DA:8,0
DA:9,0
DA:10,0
DA:13,0
DA:17,0
DA:19,0
DA:20,0
DA:21,0
DA:22,0
DA:23,0
DA:25,0
DA:29,0
DA:30,0
DA:31,0
DA:32,0
DA:33,0
DA:35,0
DA:39,0
DA:48,0
DA:49,0
LF:24
LH:1
BRDA:3,0,0,0
BRDA:3,1,0,0
BRDA:7,2,0,0
BRDA:7,2,1,0
BRDA:10,3,0,0
BRDA:10,3,1,0
BRDA:17,4,0,0
BRDA:17,4,1,0
BRDA:17,5,0,0
BRDA:17,5,1,0
BRDA:20,6,0,0
BRDA:20,6,1,0
BRDA:20,6,2,0
BRDA:20,6,3,0
BRDA:20,6,4,0
BRDA:30,7,0,0
BRDA:30,7,1,0
BRDA:30,7,2,0
BRDA:30,7,3,0
BRDA:30,7,4,0
BRDA:49,8,0,0
BRDA:49,8,1,0
BRF:22
BRH:0
end_of_record
TN:
SF:src\layouts\AdminLayout.jsx
FN:5,(anonymous_0)
FN:12,(anonymous_1)
FN:85,(anonymous_2)
FN:88,(anonymous_3)
FN:108,(anonymous_4)
FNF:5
FNH:0
FNDA:0,(anonymous_0)
FNDA:0,(anonymous_1)
FNDA:0,(anonymous_2)
FNDA:0,(anonymous_3)
FNDA:0,(anonymous_4)
DA:5,0
DA:6,0
DA:7,0
DA:8,0
DA:10,0
DA:12,0
DA:13,0
DA:14,0
DA:15,0
DA:18,0
DA:66,0
DA:86,0
DA:88,0
DA:108,0
LF:14
LH:0
BRDA:10,0,0,0
BRDA:10,0,1,0
BRDA:72,1,0,0
BRDA:72,1,1,0
BRDA:79,2,0,0
BRDA:79,2,1,0
BRDA:90,3,0,0
BRDA:90,3,1,0
BRDA:95,4,0,0
BRDA:95,4,1,0
BRDA:111,5,0,0
BRDA:111,5,1,0
BRDA:116,6,0,0
BRDA:116,6,1,0
BRDA:117,7,0,0
BRDA:117,7,1,0
BRDA:118,8,0,0
BRDA:118,8,1,0
BRDA:119,9,0,0
BRDA:119,9,1,0
BRDA:120,10,0,0
BRDA:120,10,1,0
BRDA:121,11,0,0
BRDA:121,11,1,0
BRDA:122,12,0,0
BRDA:122,12,1,0
BRDA:123,13,0,0
BRDA:123,13,1,0
BRDA:124,14,0,0
BRDA:124,14,1,0
BRDA:128,15,0,0
BRDA:128,15,1,0
BRDA:132,16,0,0
BRDA:132,16,1,0
BRF:34
BRH:0
end_of_record
TN:
SF:src\layouts\AppLayout.jsx
FN:11,AppLayout
FN:15,(anonymous_1)
FN:16,(anonymous_2)
FN:22,handleLogout
FN:27,onGlobalSearch
FN:36,(anonymous_5)
FN:44,(anonymous_6)
FN:49,(anonymous_7)
FN:54,(anonymous_8)
FN:62,(anonymous_9)
FN:75,(anonymous_10)
FN:83,(anonymous_11)
FN:90,(anonymous_12)
FN:97,(anonymous_13)
FN:104,(anonymous_14)
FN:111,(anonymous_15)
FN:118,(anonymous_16)
FN:125,(anonymous_17)
FN:132,(anonymous_18)
FN:145,(anonymous_19)
FN:209,(anonymous_20)
FN:232,(anonymous_21)
FN:252,(anonymous_22)
FN:252,(anonymous_23)
FN:284,(anonymous_24)
FNF:25
FNH:0
FNDA:0,AppLayout
FNDA:0,(anonymous_1)
FNDA:0,(anonymous_2)
FNDA:0,handleLogout
FNDA:0,onGlobalSearch
FNDA:0,(anonymous_5)
FNDA:0,(anonymous_6)
FNDA:0,(anonymous_7)
FNDA:0,(anonymous_8)
FNDA:0,(anonymous_9)
FNDA:0,(anonymous_10)
FNDA:0,(anonymous_11)
FNDA:0,(anonymous_12)
FNDA:0,(anonymous_13)
FNDA:0,(anonymous_14)
FNDA:0,(anonymous_15)
FNDA:0,(anonymous_16)
FNDA:0,(anonymous_17)
FNDA:0,(anonymous_18)
FNDA:0,(anonymous_19)
FNDA:0,(anonymous_20)
FNDA:0,(anonymous_21)
FNDA:0,(anonymous_22)
FNDA:0,(anonymous_23)
FNDA:0,(anonymous_24)
DA:12,0
DA:13,0
DA:14,0
DA:15,0
DA:16,0
DA:17,0
DA:18,0
DA:19,0
DA:20,0
DA:23,0
DA:24,0
DA:28,0
DA:29,0
DA:30,0
DA:31,0
DA:32,0
DA:36,0
DA:37,0
DA:38,0
DA:39,0
DA:40,0
DA:41,0
DA:44,0
DA:45,0
DA:46,0
DA:49,0
DA:50,0
DA:51,0
DA:54,0
DA:56,0
DA:62,0
DA:75,0
DA:83,0
DA:90,0
DA:97,0
DA:104,0
DA:111,0
DA:118,0
DA:125,0
DA:132,0
DA:145,0
DA:210,0
DA:211,0
DA:212,0
DA:213,0
DA:232,0
DA:252,0
DA:284,0
LF:48
LH:0
BRDA:38,0,0,0
BRDA:38,0,1,0
BRDA:38,0,2,0
BRDA:46,1,0,0
BRDA:46,1,1,0
BRDA:50,2,0,0
BRDA:50,2,1,0
BRDA:51,3,0,0
BRDA:51,3,1,0
BRDA:54,4,0,0
BRDA:54,4,1,0
BRDA:59,5,0,0
BRDA:59,5,1,0
BRDA:67,6,0,0
BRDA:67,6,1,0
BRDA:222,7,0,0
BRDA:222,7,1,0
BRDA:224,8,0,0
BRDA:224,8,1,0
BRDA:240,9,0,0
BRDA:240,9,1,0
BRDA:254,10,0,0
BRDA:254,10,1,0
BRDA:288,11,0,0
BRDA:288,11,1,0
BRF:25
BRH:0
end_of_record
TN:
SF:src\pages\AboutPage.jsx
FN:1,AboutPage
FNF:1
FNH:0
FNDA:0,AboutPage
DA:2,0
LF:1
LH:0
BRF:0
BRH:0
end_of_record
TN:
SF:src\pages\CardsPage.jsx
FN:9,CardsPage
FN:12,(anonymous_1)
FN:13,(anonymous_2)
FN:32,(anonymous_3)
FN:33,(anonymous_4)
FN:35,(anonymous_5)
FN:39,loadData
FN:60,(anonymous_7)
FN:64,(anonymous_8)
FN:69,(anonymous_9)
FN:74,(anonymous_10)
FN:90,createNewCard
FN:124,checkBalance
FN:131,(anonymous_13)
FN:141,(anonymous_14)
FN:152,setPrimary
FN:159,(anonymous_16)
FN:182,handleRecharge
FN:192,(anonymous_18)
FN:236,handleRechargeModal
FN:270,handleTapIn
FN:277,(anonymous_21)
FN:293,(anonymous_22)
FN:296,(anonymous_23)
FN:334,handleTapOut
FN:352,(anonymous_25)
FN:359,(anonymous_26)
FN:360,(anonymous_27)
FN:392,(anonymous_28)
FN:439,(anonymous_29)
FN:475,performTapIn
FN:536,(anonymous_31)
FN:537,(anonymous_32)
FN:633,(anonymous_33)
FN:634,(anonymous_34)
FN:642,(anonymous_35)
FN:649,(anonymous_36)
FN:654,(anonymous_37)
FN:661,(anonymous_38)
FN:711,(anonymous_39)
FN:723,(anonymous_40)
FN:726,(anonymous_41)
FN:736,(anonymous_42)
FN:754,(anonymous_43)
FN:757,(anonymous_44)
FN:767,(anonymous_45)
FN:795,(anonymous_46)
FN:827,(anonymous_47)
FN:833,(anonymous_48)
FN:839,(anonymous_49)
FN:850,(anonymous_50)
FN:853,(anonymous_51)
FN:863,(anonymous_52)
FN:881,(anonymous_53)
FN:884,(anonymous_54)
FN:894,(anonymous_55)
FN:933,(anonymous_56)
FN:943,(anonymous_57)
FN:956,(anonymous_58)
FN:964,(anonymous_59)
FN:974,(anonymous_60)
FN:982,(anonymous_61)
FN:993,(anonymous_62)
FN:1000,(anonymous_63)
FN:1015,(anonymous_64)
FN:1031,(anonymous_65)
FN:1050,(anonymous_66)
FN:1076,(anonymous_67)
FN:1097,(anonymous_68)
FN:1100,(anonymous_69)
FN:1134,(anonymous_70)
FN:1141,(anonymous_71)
FNF:72
FNH:14
FNDA:17,CardsPage
FNDA:31,(anonymous_1)
FNDA:31,(anonymous_2)
FNDA:82,(anonymous_3)
FNDA:19,(anonymous_4)
FNDA:5,(anonymous_5)
FNDA:5,loadData
FNDA:5,(anonymous_7)
FNDA:5,(anonymous_8)
FNDA:5,(anonymous_9)
FNDA:0,(anonymous_10)
FNDA:0,createNewCard
FNDA:0,checkBalance
FNDA:0,(anonymous_13)
FNDA:0,(anonymous_14)
FNDA:0,setPrimary
FNDA:0,(anonymous_16)
FNDA:0,handleRecharge
FNDA:0,(anonymous_18)
FNDA:0,handleRechargeModal
FNDA:0,handleTapIn
FNDA:0,(anonymous_21)
FNDA:0,(anonymous_22)
FNDA:0,(anonymous_23)
FNDA:0,handleTapOut
FNDA:0,(anonymous_25)
FNDA:0,(anonymous_26)
FNDA:0,(anonymous_27)
FNDA:0,(anonymous_28)
FNDA:0,(anonymous_29)
FNDA:0,performTapIn
FNDA:0,(anonymous_31)
FNDA:0,(anonymous_32)
FNDA:13,(anonymous_33)
FNDA:19,(anonymous_34)
FNDA:0,(anonymous_35)
FNDA:0,(anonymous_36)
FNDA:1,(anonymous_37)
FNDA:0,(anonymous_38)
FNDA:0,(anonymous_39)
FNDA:0,(anonymous_40)
FNDA:0,(anonymous_41)
FNDA:0,(anonymous_42)
FNDA:0,(anonymous_43)
FNDA:0,(anonymous_44)
FNDA:0,(anonymous_45)
FNDA:6,(anonymous_46)
FNDA:0,(anonymous_47)
FNDA:0,(anonymous_48)
FNDA:0,(anonymous_49)
FNDA:0,(anonymous_50)
FNDA:0,(anonymous_51)
FNDA:0,(anonymous_52)
FNDA:0,(anonymous_53)
FNDA:0,(anonymous_54)
FNDA:0,(anonymous_55)
FNDA:0,(anonymous_56)
FNDA:0,(anonymous_57)
FNDA:0,(anonymous_58)
FNDA:0,(anonymous_59)
FNDA:0,(anonymous_60)
FNDA:0,(anonymous_61)
FNDA:0,(anonymous_62)
FNDA:0,(anonymous_63)
FNDA:0,(anonymous_64)
FNDA:0,(anonymous_65)
FNDA:0,(anonymous_66)
FNDA:0,(anonymous_67)
FNDA:0,(anonymous_68)
FNDA:0,(anonymous_69)
FNDA:0,(anonymous_70)
FNDA:0,(anonymous_71)
DA:10,17
DA:11,16
DA:12,31
DA:13,31
DA:14,16
DA:15,16
DA:16,16
DA:17,16
DA:18,16
DA:19,16
DA:20,16
DA:21,16
DA:22,16
DA:23,16
DA:24,16
DA:25,16
DA:26,16
DA:27,16
DA:28,16
DA:29,16
DA:32,82
DA:33,19
DA:35,16
DA:36,5
DA:40,5
DA:41,5
DA:42,0
DA:43,0
DA:45,5
DA:46,5
DA:47,5
DA:50,5
DA:51,5
DA:52,5
DA:54,0
DA:55,0
DA:56,0
DA:60,16
DA:61,5
DA:64,16
DA:65,5
DA:69,16
DA:70,5
DA:71,5
DA:72,0
DA:73,0
DA:74,0
DA:75,0
DA:76,0
DA:78,0
DA:80,0
DA:81,0
DA:82,0
DA:83,0
DA:85,0
DA:91,0
DA:92,0
DA:93,0
DA:94,0
DA:97,0
DA:98,0
DA:101,0
DA:105,0
DA:106,0
DA:107,0
DA:108,0
DA:109,0
DA:111,0
DA:113,0
DA:116,0
DA:117,0
DA:118,0
DA:120,0
DA:125,0
DA:126,0
DA:127,0
DA:130,0
DA:131,0
DA:132,0
DA:134,0
DA:137,0
DA:138,0
DA:141,0
DA:142,0
DA:145,0
DA:146,0
DA:147,0
DA:148,0
DA:153,0
DA:155,0
DA:157,0
DA:159,0
DA:165,0
DA:167,0
DA:168,0
DA:170,0
DA:171,0
DA:173,0
DA:176,0
DA:177,0
DA:178,0
DA:183,0
DA:184,0
DA:185,0
DA:186,0
DA:189,0
DA:191,0
DA:192,0
DA:193,0
DA:194,0
DA:195,0
DA:196,0
DA:201,0
DA:205,0
DA:218,0
DA:219,0
DA:221,0
DA:222,0
DA:223,0
DA:224,0
DA:225,0
DA:226,0
DA:229,0
DA:230,0
DA:232,0
DA:237,0
DA:238,0
DA:239,0
DA:240,0
DA:243,0
DA:244,0
DA:245,0
DA:246,0
DA:249,0
DA:258,0
DA:263,0
DA:267,0
DA:271,0
DA:272,0
DA:273,0
DA:274,0
DA:277,0
DA:278,0
DA:279,0
DA:280,0
DA:281,0
DA:285,0
DA:286,0
DA:289,0
DA:291,0
DA:292,0
DA:293,0
DA:296,0
DA:305,0
DA:308,0
DA:309,0
DA:310,0
DA:311,0
DA:312,0
DA:315,0
DA:316,0
DA:317,0
DA:320,0
DA:322,0
DA:323,0
DA:324,0
DA:325,0
DA:326,0
DA:328,0
DA:329,0
DA:335,0
DA:336,0
DA:337,0
DA:338,0
DA:342,0
DA:343,0
DA:344,0
DA:345,0
DA:346,0
DA:349,0
DA:351,0
DA:352,0
DA:353,0
DA:354,0
DA:355,0
DA:356,0
DA:359,0
DA:360,0
DA:361,0
DA:362,0
DA:363,0
DA:364,0
DA:367,0
DA:378,0
DA:381,0
DA:382,0
DA:384,0
DA:391,0
DA:392,0
DA:393,0
DA:397,0
DA:398,0
DA:401,0
DA:402,0
DA:406,0
DA:408,0
DA:409,0
DA:410,0
DA:411,0
DA:413,0
DA:414,0
DA:417,0
DA:418,0
DA:420,0
DA:421,0
DA:422,0
DA:423,0
DA:424,0
DA:427,0
DA:428,0
DA:431,0
DA:432,0
DA:436,0
DA:437,0
DA:439,0
DA:440,0
DA:444,0
DA:445,0
DA:447,0
DA:448,0
DA:449,0
DA:450,0
DA:452,0
DA:454,0
DA:455,0
DA:456,0
DA:457,0
DA:458,0
DA:459,0
DA:460,0
DA:461,0
DA:464,0
DA:465,0
DA:468,0
DA:469,0
DA:471,0
DA:476,0
DA:478,0
DA:480,0
DA:481,0
DA:489,0
DA:490,0
DA:491,0
DA:494,0
DA:495,0
DA:500,0
DA:501,0
DA:502,0
DA:503,0
DA:507,0
DA:508,0
DA:510,0
DA:511,0
DA:514,0
DA:515,0
DA:516,0
DA:518,0
DA:523,0
DA:524,0
DA:525,0
DA:526,0
DA:530,0
DA:531,0
DA:532,0
DA:533,0
DA:536,0
DA:537,0
DA:538,0
DA:539,0
DA:540,0
DA:541,0
DA:544,0
DA:545,0
DA:557,0
DA:558,0
DA:559,0
DA:561,0
DA:563,0
DA:564,0
DA:566,0
DA:567,0
DA:568,0
DA:569,0
DA:570,0
DA:571,0
DA:574,0
DA:575,0
DA:577,0
DA:578,0
DA:579,0
DA:583,0
DA:585,0
DA:588,0
DA:589,0
DA:590,0
DA:592,0
DA:593,0
DA:594,0
DA:595,0
DA:596,0
DA:597,0
DA:598,0
DA:599,0
DA:600,0
DA:601,0
DA:602,0
DA:603,0
DA:604,0
DA:605,0
DA:606,0
DA:607,0
DA:608,0
DA:610,0
DA:612,0
DA:613,0
DA:614,0
DA:615,0
DA:617,0
DA:619,0
DA:620,0
DA:621,0
DA:622,0
DA:625,0
DA:626,0
DA:628,0
DA:629,0
DA:633,16
DA:634,19
DA:636,16
DA:642,0
DA:649,0
DA:654,1
DA:661,0
DA:711,0
DA:723,0
DA:727,0
DA:736,0
DA:754,0
DA:758,0
DA:767,0
DA:796,6
DA:827,0
DA:833,0
DA:839,0
DA:850,0
DA:854,0
DA:863,0
DA:881,0
DA:885,0
DA:894,0
DA:933,0
DA:943,0
DA:956,0
DA:964,0
DA:974,0
DA:982,0
DA:993,0
DA:1000,0
DA:1015,0
DA:1031,0
DA:1050,0
DA:1076,0
DA:1097,0
DA:1101,0
DA:1134,0
DA:1142,0
DA:1143,0
DA:1144,0
DA:1145,0
LF:379
LH:44
BRDA:15,0,0,16
BRDA:15,0,1,16
BRDA:16,1,0,16
BRDA:16,1,1,16
BRDA:32,2,0,82
BRDA:32,2,1,0
BRDA:33,3,0,19
BRDA:33,3,1,19
BRDA:42,4,0,0
BRDA:42,4,1,0
BRDA:42,5,0,0
BRDA:42,5,1,0
BRDA:51,6,0,0
BRDA:51,6,1,5
BRDA:51,7,0,5
BRDA:51,7,1,0
BRDA:52,8,0,5
BRDA:52,8,1,0
BRDA:71,9,0,0
BRDA:71,9,1,5
BRDA:71,10,0,5
BRDA:71,10,1,0
BRDA:75,11,0,0
BRDA:75,11,1,0
BRDA:76,12,0,0
BRDA:76,12,1,0
BRDA:91,13,0,0
BRDA:91,13,1,0
BRDA:91,14,0,0
BRDA:91,14,1,0
BRDA:102,15,0,0
BRDA:102,15,1,0
BRDA:105,16,0,0
BRDA:105,16,1,0
BRDA:106,17,0,0
BRDA:106,17,1,0
BRDA:107,18,0,0
BRDA:107,18,1,0
BRDA:113,19,0,0
BRDA:113,19,1,0
BRDA:117,20,0,0
BRDA:117,20,1,0
BRDA:117,20,2,0
BRDA:127,21,0,0
BRDA:127,21,1,0
BRDA:127,21,2,0
BRDA:132,22,0,0
BRDA:132,22,1,0
BRDA:146,23,0,0
BRDA:146,23,1,0
BRDA:146,23,2,0
BRDA:157,24,0,0
BRDA:157,24,1,0
BRDA:162,25,0,0
BRDA:162,25,1,0
BRDA:167,26,0,0
BRDA:167,26,1,0
BRDA:167,27,0,0
BRDA:167,27,1,0
BRDA:168,28,0,0
BRDA:168,28,1,0
BRDA:173,29,0,0
BRDA:173,29,1,0
BRDA:177,30,0,0
BRDA:177,30,1,0
BRDA:183,31,0,0
BRDA:183,31,1,0
BRDA:183,32,0,0
BRDA:183,32,1,0
BRDA:193,33,0,0
BRDA:193,33,1,0
BRDA:221,34,0,0
BRDA:221,34,1,0
BRDA:222,35,0,0
BRDA:222,35,1,0
BRDA:223,36,0,0
BRDA:223,36,1,0
BRDA:225,37,0,0
BRDA:225,37,1,0
BRDA:237,38,0,0
BRDA:237,38,1,0
BRDA:243,39,0,0
BRDA:243,39,1,0
BRDA:243,40,0,0
BRDA:243,40,1,0
BRDA:254,41,0,0
BRDA:254,41,1,0
BRDA:271,42,0,0
BRDA:271,42,1,0
BRDA:278,43,0,0
BRDA:278,43,1,0
BRDA:292,44,0,0
BRDA:292,44,1,0
BRDA:292,44,2,0
BRDA:298,45,0,0
BRDA:298,45,1,0
BRDA:299,46,0,0
BRDA:299,46,1,0
BRDA:308,47,0,0
BRDA:308,47,1,0
BRDA:308,48,0,0
BRDA:308,48,1,0
BRDA:322,49,0,0
BRDA:322,49,1,0
BRDA:335,50,0,0
BRDA:335,50,1,0
BRDA:344,51,0,0
BRDA:344,51,1,0
BRDA:344,51,2,0
BRDA:345,52,0,0
BRDA:345,52,1,0
BRDA:353,53,0,0
BRDA:353,53,1,0
BRDA:359,54,0,0
BRDA:359,54,1,0
BRDA:360,55,0,0
BRDA:360,55,1,0
BRDA:361,56,0,0
BRDA:361,56,1,0
BRDA:368,57,0,0
BRDA:368,57,1,0
BRDA:368,57,2,0
BRDA:374,58,0,0
BRDA:374,58,1,0
BRDA:375,59,0,0
BRDA:375,59,1,0
BRDA:381,60,0,0
BRDA:381,60,1,0
BRDA:381,60,2,0
BRDA:382,61,0,0
BRDA:382,61,1,0
BRDA:382,61,2,0
BRDA:391,62,0,0
BRDA:391,62,1,0
BRDA:393,63,0,0
BRDA:393,63,1,0
BRDA:402,64,0,0
BRDA:402,64,1,0
BRDA:406,65,0,0
BRDA:406,65,1,0
BRDA:406,65,2,0
BRDA:417,66,0,0
BRDA:417,66,1,0
BRDA:417,66,2,0
BRDA:417,66,3,0
BRDA:417,66,4,0
BRDA:418,67,0,0
BRDA:418,67,1,0
BRDA:418,67,2,0
BRDA:421,68,0,0
BRDA:421,68,1,0
BRDA:421,69,0,0
BRDA:421,69,1,0
BRDA:423,70,0,0
BRDA:423,70,1,0
BRDA:427,71,0,0
BRDA:427,71,1,0
BRDA:431,72,0,0
BRDA:431,72,1,0
BRDA:431,73,0,0
BRDA:431,73,1,0
BRDA:432,74,0,0
BRDA:432,74,1,0
BRDA:447,75,0,0
BRDA:447,75,1,0
BRDA:449,76,0,0
BRDA:449,76,1,0
BRDA:455,77,0,0
BRDA:455,77,1,0
BRDA:456,78,0,0
BRDA:456,78,1,0
BRDA:457,79,0,0
BRDA:457,79,1,0
BRDA:459,80,0,0
BRDA:459,80,1,0
BRDA:464,81,0,0
BRDA:464,81,1,0
BRDA:494,82,0,0
BRDA:494,82,1,0
BRDA:500,83,0,0
BRDA:500,83,1,0
BRDA:514,84,0,0
BRDA:514,84,1,0
BRDA:523,85,0,0
BRDA:523,85,1,0
BRDA:523,86,0,0
BRDA:523,86,1,0
BRDA:530,87,0,0
BRDA:530,87,1,0
BRDA:530,88,0,0
BRDA:530,88,1,0
BRDA:536,89,0,0
BRDA:536,89,1,0
BRDA:537,90,0,0
BRDA:537,90,1,0
BRDA:538,91,0,0
BRDA:538,91,1,0
BRDA:544,92,0,0
BRDA:544,92,1,0
BRDA:544,93,0,0
BRDA:544,93,1,0
BRDA:544,93,2,0
BRDA:546,94,0,0
BRDA:546,94,1,0
BRDA:554,95,0,0
BRDA:554,95,1,0
BRDA:566,96,0,0
BRDA:566,96,1,0
BRDA:569,97,0,0
BRDA:569,97,1,0
BRDA:578,98,0,0
BRDA:578,98,1,0
BRDA:588,99,0,0
BRDA:588,99,1,0
BRDA:592,100,0,0
BRDA:592,100,1,0
BRDA:593,101,0,0
BRDA:593,101,1,0
BRDA:597,102,0,0
BRDA:597,102,1,0
BRDA:599,103,0,0
BRDA:599,103,1,0
BRDA:601,104,0,0
BRDA:601,104,1,0
BRDA:603,105,0,0
BRDA:603,105,1,0
BRDA:605,106,0,0
BRDA:605,106,1,0
BRDA:607,107,0,0
BRDA:607,107,1,0
BRDA:610,108,0,0
BRDA:610,108,1,0
BRDA:612,109,0,0
BRDA:612,109,1,0
BRDA:614,110,0,0
BRDA:614,110,1,0
BRDA:617,111,0,0
BRDA:617,111,1,0
BRDA:619,112,0,0
BRDA:619,112,1,0
BRDA:621,113,0,0
BRDA:621,113,1,0
BRDA:633,114,0,16
BRDA:633,114,1,3
BRDA:633,115,0,13
BRDA:633,115,1,13
BRDA:634,116,0,16
BRDA:634,116,1,0
BRDA:634,117,0,19
BRDA:634,117,1,19
BRDA:638,118,0,16
BRDA:638,118,1,0
BRDA:649,119,0,0
BRDA:649,119,1,0
BRDA:666,120,0,0
BRDA:666,120,1,16
BRDA:675,121,0,16
BRDA:675,121,1,6
BRDA:677,122,0,6
BRDA:677,122,1,0
BRDA:677,123,0,0
BRDA:677,123,1,0
BRDA:685,124,0,13
BRDA:685,124,1,3
BRDA:695,125,0,13
BRDA:695,125,1,0
BRDA:704,126,0,13
BRDA:704,126,1,0
BRDA:708,127,0,13
BRDA:708,127,1,0
BRDA:727,128,0,0
BRDA:727,128,1,0
BRDA:727,128,2,0
BRDA:727,129,0,0
BRDA:727,129,1,0
BRDA:727,129,2,0
BRDA:737,130,0,13
BRDA:737,130,1,13
BRDA:739,131,0,0
BRDA:739,131,1,13
BRDA:758,132,0,0
BRDA:758,132,1,0
BRDA:758,132,2,0
BRDA:758,133,0,0
BRDA:758,133,1,0
BRDA:758,133,2,0
BRDA:768,134,0,13
BRDA:768,134,1,0
BRDA:768,134,2,0
BRDA:770,135,0,0
BRDA:770,135,1,13
BRDA:796,136,0,6
BRDA:796,136,1,0
BRDA:797,137,0,3
BRDA:797,137,1,3
BRDA:806,138,0,6
BRDA:806,138,1,0
BRDA:809,139,0,3
BRDA:809,139,1,3
BRDA:810,140,0,6
BRDA:810,140,1,0
BRDA:817,141,0,6
BRDA:817,141,1,6
BRDA:821,142,0,6
BRDA:821,142,1,3
BRDA:854,143,0,0
BRDA:854,143,1,0
BRDA:854,143,2,0
BRDA:854,144,0,0
BRDA:854,144,1,0
BRDA:854,144,2,0
BRDA:864,145,0,6
BRDA:864,145,1,6
BRDA:866,146,0,0
BRDA:866,146,1,6
BRDA:885,147,0,0
BRDA:885,147,1,0
BRDA:885,147,2,0
BRDA:885,148,0,0
BRDA:885,148,1,0
BRDA:885,148,2,0
BRDA:895,149,0,6
BRDA:895,149,1,0
BRDA:895,149,2,0
BRDA:897,150,0,0
BRDA:897,150,1,6
BRDA:911,151,0,16
BRDA:911,151,1,10
BRDA:921,152,0,16
BRDA:921,152,1,3
BRDA:1001,153,0,3
BRDA:1001,153,1,0
BRDA:1019,154,0,16
BRDA:1019,154,1,0
BRDA:1041,155,0,0
BRDA:1041,155,1,0
BRDA:1041,155,2,0
BRDA:1059,156,0,0
BRDA:1059,156,1,0
BRDA:1067,157,0,0
BRDA:1067,157,1,0
BRDA:1067,157,2,0
BRDA:1091,158,0,0
BRDA:1091,158,1,0
BRDA:1091,158,2,0
BRDA:1110,159,0,0
BRDA:1110,159,1,0
BRDA:1110,159,2,0
BRDA:1122,160,0,0
BRDA:1122,160,1,0
BRDA:1122,160,2,0
BRDA:1122,160,3,0
BRDA:1142,161,0,0
BRDA:1142,161,1,0
BRDA:1144,162,0,0
BRDA:1144,162,1,0
BRF:356
BRH:56
end_of_record
TN:
SF:src\pages\HistoryPage.jsx
FN:5,HistoryPage
FN:9,(anonymous_1)
FN:11,(anonymous_2)
FN:12,fetchJourneys
FN:44,(anonymous_4)
FN:57,(anonymous_5)
FN:58,(anonymous_6)
FN:81,(anonymous_7)
FN:91,(anonymous_8)
FN:100,(anonymous_9)
FN:173,(anonymous_10)
FN:237,(anonymous_11)
FN:335,getJourneyIcon
FN:346,getJourneyColor
FN:357,getStatusBadgeClass
FN:368,formatDate
FN:383,calculateDuration
FNF:17
FNH:0
FNDA:0,HistoryPage
FNDA:0,(anonymous_1)
FNDA:0,(anonymous_2)
FNDA:0,fetchJourneys
FNDA:0,(anonymous_4)
FNDA:0,(anonymous_5)
FNDA:0,(anonymous_6)
FNDA:0,(anonymous_7)
FNDA:0,(anonymous_8)
FNDA:0,(anonymous_9)
FNDA:0,(anonymous_10)
FNDA:0,(anonymous_11)
FNDA:0,getJourneyIcon
FNDA:0,getJourneyColor
FNDA:0,getStatusBadgeClass
FNDA:0,formatDate
FNDA:0,calculateDuration
DA:6,0
DA:7,0
DA:8,0
DA:9,0
DA:11,0
DA:13,0
DA:14,0
DA:15,0
DA:17,0
DA:20,0
DA:21,0
DA:22,0
DA:24,0
DA:25,0
DA:28,0
DA:29,0
DA:36,0
DA:40,0
DA:41,0
DA:42,0
DA:43,0
DA:44,0
DA:46,0
DA:51,0
DA:52,0
DA:53,0
DA:54,0
DA:56,0
DA:57,0
DA:58,0
DA:70,0
DA:72,0
DA:77,0
DA:78,0
DA:79,0
DA:80,0
DA:81,0
DA:84,0
DA:88,0
DA:89,0
DA:91,0
DA:92,0
DA:93,0
DA:94,0
DA:95,0
DA:100,0
DA:101,0
DA:102,0
DA:103,0
DA:106,0
DA:108,0
DA:109,0
DA:113,0
DA:114,0
DA:116,0
DA:119,0
DA:122,0
DA:123,0
DA:125,0
DA:126,0
DA:138,0
DA:139,0
DA:149,0
DA:174,0
DA:238,0
DA:336,0
DA:337,0
DA:339,0
DA:340,0
DA:341,0
DA:342,0
DA:347,0
DA:348,0
DA:350,0
DA:351,0
DA:352,0
DA:353,0
DA:358,0
DA:359,0
DA:361,0
DA:362,0
DA:363,0
DA:364,0
DA:369,0
DA:371,0
DA:372,0
DA:373,0
DA:379,0
DA:384,0
DA:386,0
DA:387,0
DA:388,0
DA:389,0
DA:390,0
DA:392,0
DA:393,0
DA:394,0
DA:395,0
DA:397,0
LF:99
LH:0
BRDA:9,0,0,0
BRDA:9,0,1,0
BRDA:9,1,0,0
BRDA:9,1,1,0
BRDA:15,2,0,0
BRDA:15,2,1,0
BRDA:21,3,0,0
BRDA:21,3,1,0
BRDA:22,4,0,0
BRDA:22,4,1,0
BRDA:24,5,0,0
BRDA:24,5,1,0
BRDA:28,6,0,0
BRDA:28,6,1,0
BRDA:40,7,0,0
BRDA:40,7,1,0
BRDA:43,8,0,0
BRDA:43,8,1,0
BRDA:43,9,0,0
BRDA:43,9,1,0
BRDA:51,10,0,0
BRDA:51,10,1,0
BRDA:54,11,0,0
BRDA:54,11,1,0
BRDA:54,12,0,0
BRDA:54,12,1,0
BRDA:57,13,0,0
BRDA:57,13,1,0
BRDA:59,14,0,0
BRDA:59,14,1,0
BRDA:60,15,0,0
BRDA:60,15,1,0
BRDA:60,15,2,0
BRDA:61,16,0,0
BRDA:61,16,1,0
BRDA:61,16,2,0
BRDA:63,17,0,0
BRDA:63,17,1,0
BRDA:63,17,2,0
BRDA:64,18,0,0
BRDA:64,18,1,0
BRDA:65,19,0,0
BRDA:65,19,1,0
BRDA:66,20,0,0
BRDA:66,20,1,0
BRDA:79,21,0,0
BRDA:79,21,1,0
BRDA:79,22,0,0
BRDA:79,22,1,0
BRDA:80,23,0,0
BRDA:80,23,1,0
BRDA:92,24,0,0
BRDA:92,24,1,0
BRDA:93,25,0,0
BRDA:93,25,1,0
BRDA:101,26,0,0
BRDA:101,26,1,0
BRDA:101,26,2,0
BRDA:102,27,0,0
BRDA:102,27,1,0
BRDA:102,27,2,0
BRDA:108,28,0,0
BRDA:108,28,1,0
BRDA:125,29,0,0
BRDA:125,29,1,0
BRDA:138,30,0,0
BRDA:138,30,1,0
BRDA:165,31,0,0
BRDA:165,31,1,0
BRDA:174,32,0,0
BRDA:174,32,1,0
BRDA:183,33,0,0
BRDA:183,33,1,0
BRDA:183,34,0,0
BRDA:183,34,1,0
BRDA:186,35,0,0
BRDA:186,35,1,0
BRDA:193,36,0,0
BRDA:193,36,1,0
BRDA:197,37,0,0
BRDA:197,37,1,0
BRDA:216,38,0,0
BRDA:216,38,1,0
BRDA:238,39,0,0
BRDA:238,39,1,0
BRDA:246,40,0,0
BRDA:246,40,1,0
BRDA:246,41,0,0
BRDA:246,41,1,0
BRDA:249,42,0,0
BRDA:249,42,1,0
BRDA:249,43,0,0
BRDA:249,43,1,0
BRDA:257,44,0,0
BRDA:257,44,1,0
BRDA:260,45,0,0
BRDA:260,45,1,0
BRDA:263,46,0,0
BRDA:263,46,1,0
BRDA:276,47,0,0
BRDA:276,47,1,0
BRDA:336,48,0,0
BRDA:336,48,1,0
BRDA:336,48,2,0
BRDA:336,48,3,0
BRDA:336,48,4,0
BRDA:336,48,5,0
BRDA:347,49,0,0
BRDA:347,49,1,0
BRDA:347,49,2,0
BRDA:347,49,3,0
BRDA:347,49,4,0
BRDA:347,49,5,0
BRDA:358,50,0,0
BRDA:358,50,1,0
BRDA:358,50,2,0
BRDA:358,50,3,0
BRDA:358,50,4,0
BRDA:358,50,5,0
BRDA:369,51,0,0
BRDA:369,51,1,0
BRDA:384,52,0,0
BRDA:384,52,1,0
BRDA:384,53,0,0
BRDA:384,53,1,0
BRDA:392,54,0,0
BRDA:392,54,1,0
BRF:127
BRH:0
end_of_record
TN:
SF:src\pages\HomePage.jsx
FN:6,HomePage
FN:10,(anonymous_1)
FN:11,(anonymous_2)
FN:13,(anonymous_3)
FN:18,(anonymous_4)
FN:26,onBook
FN:31,handleSearch
FN:33,handlePageChange
FN:58,(anonymous_8)
FN:67,(anonymous_9)
FN:76,(anonymous_10)
FN:85,(anonymous_11)
FN:101,(anonymous_12)
FN:115,(anonymous_13)
FN:129,(anonymous_14)
FN:146,(anonymous_15)
FN:152,(anonymous_16)
FN:158,(anonymous_17)
FN:164,(anonymous_18)
FN:170,(anonymous_19)
FN:176,(anonymous_20)
FN:199,(anonymous_21)
FN:207,(anonymous_22)
FN:218,(anonymous_23)
FN:219,(anonymous_24)
FN:256,Pagination
FNF:26
FNH:0
FNDA:0,HomePage
FNDA:0,(anonymous_1)
FNDA:0,(anonymous_2)
FNDA:0,(anonymous_3)
FNDA:0,(anonymous_4)
FNDA:0,onBook
FNDA:0,handleSearch
FNDA:0,handlePageChange
FNDA:0,(anonymous_8)
FNDA:0,(anonymous_9)
FNDA:0,(anonymous_10)
FNDA:0,(anonymous_11)
FNDA:0,(anonymous_12)
FNDA:0,(anonymous_13)
FNDA:0,(anonymous_14)
FNDA:0,(anonymous_15)
FNDA:0,(anonymous_16)
FNDA:0,(anonymous_17)
FNDA:0,(anonymous_18)
FNDA:0,(anonymous_19)
FNDA:0,(anonymous_20)
FNDA:0,(anonymous_21)
FNDA:0,(anonymous_22)
FNDA:0,(anonymous_23)
FNDA:0,(anonymous_24)
FNDA:0,Pagination
DA:7,0
DA:8,0
DA:9,0
DA:10,0
DA:11,0
DA:13,0
DA:14,0
DA:18,0
DA:19,0
DA:20,0
DA:21,0
DA:22,0
DA:27,0
DA:28,0
DA:31,0
DA:34,0
DA:37,0
DA:58,0
DA:67,0
DA:76,0
DA:85,0
DA:101,0
DA:115,0
DA:129,0
DA:146,0
DA:152,0
DA:158,0
DA:164,0
DA:170,0
DA:176,0
DA:200,0
DA:207,0
DA:218,0
DA:219,0
DA:257,0
DA:258,0
DA:259,0
LF:37
LH:0
BRDA:20,0,0,0
BRDA:20,0,1,0
BRDA:21,1,0,0
BRDA:21,1,1,0
BRDA:21,2,0,0
BRDA:21,2,1,0
BRDA:27,3,0,0
BRDA:27,3,1,0
BRDA:27,3,2,0
BRDA:27,3,3,0
BRDA:41,4,0,0
BRDA:41,4,1,0
BRDA:190,5,0,0
BRDA:190,5,1,0
BRDA:197,6,0,0
BRDA:197,6,1,0
BRDA:200,7,0,0
BRDA:200,7,1,0
BRDA:258,8,0,0
BRDA:258,8,1,0
BRDA:264,9,0,0
BRDA:264,9,1,0
BRDA:265,10,0,0
BRDA:265,10,1,0
BRF:24
BRH:0
end_of_record
TN:
SF:src\pages\JourneyTracker.jsx
FN:8,useQuery
FN:10,(anonymous_1)
FN:14,normalizeStation
FN:21,JourneyTracker
FN:24,(anonymous_4)
FN:52,(anonymous_5)
FN:59,(anonymous_6)
FN:71,(anonymous_7)
FN:86,(anonymous_8)
FN:95,(anonymous_9)
FN:96,(anonymous_10)
FN:108,(anonymous_11)
FN:109,(anonymous_12)
FN:128,(anonymous_13)
FN:134,(anonymous_14)
FN:148,(anonymous_15)
FN:161,(anonymous_16)
FN:172,(anonymous_17)
FN:197,(anonymous_18)
FN:202,(anonymous_19)
FN:221,(anonymous_20)
FN:258,(anonymous_21)
FN:271,(anonymous_22)
FN:272,(anonymous_23)
FN:290,(anonymous_24)
FN:304,(anonymous_25)
FN:319,(anonymous_26)
FN:332,(anonymous_27)
FN:333,(anonymous_28)
FN:349,(anonymous_29)
FN:363,(anonymous_30)
FN:369,(anonymous_31)
FN:369,(anonymous_32)
FN:397,(anonymous_33)
FN:406,(anonymous_34)
FN:412,(anonymous_35)
FN:422,(anonymous_36)
FN:442,(anonymous_37)
FN:479,(anonymous_38)
FNF:39
FNH:0
FNDA:0,useQuery
FNDA:0,(anonymous_1)
FNDA:0,normalizeStation
FNDA:0,JourneyTracker
FNDA:0,(anonymous_4)
FNDA:0,(anonymous_5)
FNDA:0,(anonymous_6)
FNDA:0,(anonymous_7)
FNDA:0,(anonymous_8)
FNDA:0,(anonymous_9)
FNDA:0,(anonymous_10)
FNDA:0,(anonymous_11)
FNDA:0,(anonymous_12)
FNDA:0,(anonymous_13)
FNDA:0,(anonymous_14)
FNDA:0,(anonymous_15)
FNDA:0,(anonymous_16)
FNDA:0,(anonymous_17)
FNDA:0,(anonymous_18)
FNDA:0,(anonymous_19)
FNDA:0,(anonymous_20)
FNDA:0,(anonymous_21)
FNDA:0,(anonymous_22)
FNDA:0,(anonymous_23)
FNDA:0,(anonymous_24)
FNDA:0,(anonymous_25)
FNDA:0,(anonymous_26)
FNDA:0,(anonymous_27)
FNDA:0,(anonymous_28)
FNDA:0,(anonymous_29)
FNDA:0,(anonymous_30)
FNDA:0,(anonymous_31)
FNDA:0,(anonymous_32)
FNDA:0,(anonymous_33)
FNDA:0,(anonymous_34)
FNDA:0,(anonymous_35)
FNDA:0,(anonymous_36)
FNDA:0,(anonymous_37)
FNDA:0,(anonymous_38)
DA:5,0
DA:9,0
DA:10,0
DA:15,0
DA:22,0
DA:23,0
DA:24,0
DA:27,0
DA:28,0
DA:29,0
DA:30,0
DA:32,0
DA:33,0
DA:34,0
DA:35,0
DA:36,0
DA:37,0
DA:40,0
DA:41,0
DA:42,0
DA:43,0
DA:44,0
DA:45,0
DA:46,0
DA:49,0
DA:50,0
DA:52,0
DA:53,0
DA:54,0
DA:55,0
DA:59,0
DA:60,0
DA:61,0
DA:62,0
DA:63,0
DA:64,0
DA:65,0
DA:66,0
DA:67,0
DA:71,0
DA:72,0
DA:73,0
DA:74,0
DA:75,0
DA:77,0
DA:78,0
DA:80,0
DA:81,0
DA:82,0
DA:83,0
DA:84,0
DA:86,0
DA:89,0
DA:91,0
DA:92,0
DA:93,0
DA:94,0
DA:95,0
DA:96,0
DA:97,0
DA:100,0
DA:108,0
DA:109,0
DA:111,0
DA:112,0
DA:115,0
DA:117,0
DA:118,0
DA:119,0
DA:124,0
DA:128,0
DA:129,0
DA:134,0
DA:135,0
DA:136,0
DA:137,0
DA:138,0
DA:139,0
DA:140,0
DA:141,0
DA:142,0
DA:148,0
DA:149,0
DA:150,0
DA:151,0
DA:152,0
DA:153,0
DA:154,0
DA:155,0
DA:161,0
DA:162,0
DA:163,0
DA:167,0
DA:168,0
DA:169,0
DA:170,0
DA:172,0
DA:173,0
DA:174,0
DA:182,0
DA:187,0
DA:188,0
DA:189,0
DA:190,0
DA:197,0
DA:198,0
DA:199,0
DA:202,0
DA:208,0
DA:213,0
DA:214,0
DA:215,0
DA:216,0
DA:221,0
DA:222,0
DA:223,0
DA:224,0
DA:226,0
DA:227,0
DA:230,0
DA:231,0
DA:239,0
DA:240,0
DA:241,0
DA:242,0
DA:244,0
DA:247,0
DA:248,0
DA:249,0
DA:251,0
DA:252,0
DA:258,0
DA:267,0
DA:268,0
DA:271,0
DA:272,0
DA:273,0
DA:275,0
DA:276,0
DA:277,0
DA:278,0
DA:279,0
DA:282,0
DA:283,0
DA:284,0
DA:285,0
DA:286,0
DA:287,0
DA:288,0
DA:290,0
DA:291,0
DA:292,0
DA:293,0
DA:294,0
DA:299,0
DA:304,0
DA:305,0
DA:306,0
DA:307,0
DA:308,0
DA:309,0
DA:310,0
DA:311,0
DA:312,0
DA:313,0
DA:314,0
DA:319,0
DA:320,0
DA:321,0
DA:322,0
DA:323,0
DA:324,0
DA:325,0
DA:326,0
DA:327,0
DA:328,0
DA:332,0
DA:333,0
DA:334,0
DA:335,0
DA:336,0
DA:337,0
DA:338,0
DA:339,0
DA:341,0
DA:342,0
DA:343,0
DA:344,0
DA:345,0
DA:346,0
DA:347,0
DA:349,0
DA:350,0
DA:351,0
DA:352,0
DA:353,0
DA:358,0
DA:363,0
DA:364,0
DA:365,0
DA:366,0
DA:369,0
DA:371,0
DA:397,0
DA:406,0
DA:412,0
DA:442,0
DA:480,0
LF:208
LH:0
BRDA:16,0,0,0
BRDA:16,0,1,0
BRDA:16,0,2,0
BRDA:16,0,3,0
BRDA:16,0,4,0
BRDA:17,1,0,0
BRDA:17,1,1,0
BRDA:17,1,2,0
BRDA:17,1,3,0
BRDA:17,2,0,0
BRDA:17,2,1,0
BRDA:17,2,2,0
BRDA:17,2,3,0
BRDA:27,3,0,0
BRDA:27,3,1,0
BRDA:27,3,2,0
BRDA:28,4,0,0
BRDA:28,4,1,0
BRDA:28,4,2,0
BRDA:29,5,0,0
BRDA:29,5,1,0
BRDA:30,6,0,0
BRDA:30,6,1,0
BRDA:53,7,0,0
BRDA:53,7,1,0
BRDA:72,8,0,0
BRDA:72,8,1,0
BRDA:72,9,0,0
BRDA:72,9,1,0
BRDA:78,10,0,0
BRDA:78,10,1,0
BRDA:81,11,0,0
BRDA:81,11,1,0
BRDA:82,12,0,0
BRDA:82,12,1,0
BRDA:83,13,0,0
BRDA:83,13,1,0
BRDA:84,14,0,0
BRDA:84,14,1,0
BRDA:89,15,0,0
BRDA:89,15,1,0
BRDA:93,16,0,0
BRDA:93,16,1,0
BRDA:93,17,0,0
BRDA:93,17,1,0
BRDA:111,18,0,0
BRDA:111,18,1,0
BRDA:111,19,0,0
BRDA:111,19,1,0
BRDA:111,19,2,0
BRDA:137,20,0,0
BRDA:137,20,1,0
BRDA:140,21,0,0
BRDA:140,21,1,0
BRDA:140,22,0,0
BRDA:140,22,1,0
BRDA:149,23,0,0
BRDA:149,23,1,0
BRDA:152,24,0,0
BRDA:152,24,1,0
BRDA:162,25,0,0
BRDA:162,25,1,0
BRDA:162,26,0,0
BRDA:162,26,1,0
BRDA:167,27,0,0
BRDA:167,27,1,0
BRDA:168,28,0,0
BRDA:168,28,1,0
BRDA:170,29,0,0
BRDA:170,29,1,0
BRDA:173,30,0,0
BRDA:173,30,1,0
BRDA:173,31,0,0
BRDA:173,31,1,0
BRDA:179,32,0,0
BRDA:179,32,1,0
BRDA:198,33,0,0
BRDA:198,33,1,0
BRDA:205,34,0,0
BRDA:205,34,1,0
BRDA:222,35,0,0
BRDA:222,35,1,0
BRDA:234,36,0,0
BRDA:234,36,1,0
BRDA:234,36,2,0
BRDA:236,37,0,0
BRDA:236,37,1,0
BRDA:240,38,0,0
BRDA:240,38,1,0
BRDA:241,39,0,0
BRDA:241,39,1,0
BRDA:241,39,2,0
BRDA:241,39,3,0
BRDA:242,40,0,0
BRDA:242,40,1,0
BRDA:255,41,0,0
BRDA:255,41,1,0
BRDA:267,42,0,0
BRDA:267,42,1,0
BRDA:275,43,0,0
BRDA:275,43,1,0
BRDA:277,44,0,0
BRDA:277,44,1,0
BRDA:287,45,0,0
BRDA:287,45,1,0
BRDA:292,46,0,0
BRDA:292,46,1,0
BRDA:305,47,0,0
BRDA:305,47,1,0
BRDA:305,48,0,0
BRDA:305,48,1,0
BRDA:311,49,0,0
BRDA:311,49,1,0
BRDA:320,50,0,0
BRDA:320,50,1,0
BRDA:320,51,0,0
BRDA:320,51,1,0
BRDA:325,52,0,0
BRDA:325,52,1,0
BRDA:335,53,0,0
BRDA:335,53,1,0
BRDA:337,54,0,0
BRDA:337,54,1,0
BRDA:346,55,0,0
BRDA:346,55,1,0
BRDA:351,56,0,0
BRDA:351,56,1,0
BRDA:382,57,0,0
BRDA:382,57,1,0
BRDA:430,58,0,0
BRDA:430,58,1,0
BRDA:430,58,2,0
BRDA:430,58,3,0
BRDA:433,59,0,0
BRDA:433,59,1,0
BRDA:436,60,0,0
BRDA:436,60,1,0
BRDA:447,61,0,0
BRDA:447,61,1,0
BRDA:459,62,0,0
BRDA:459,62,1,0
BRDA:462,63,0,0
BRDA:462,63,1,0
BRDA:475,64,0,0
BRDA:475,64,1,0
BRDA:480,65,0,0
BRDA:480,65,1,0
BRDA:482,66,0,0
BRDA:482,66,1,0
BRDA:483,67,0,0
BRDA:483,67,1,0
BRDA:484,68,0,0
BRDA:484,68,1,0
BRF:153
BRH:0
end_of_record
TN:
SF:src\pages\JourneyTrackingPage.jsx
FN:14,JourneyTrackingPage
FN:38,(anonymous_1)
FN:40,(anonymous_2)
FN:41,(anonymous_3)
FN:43,(anonymous_4)
FN:51,(anonymous_5)
FN:61,(anonymous_6)
FN:63,(anonymous_7)
FN:130,(anonymous_8)
FN:148,(anonymous_9)
FN:180,(anonymous_10)
FN:214,(anonymous_11)
FN:221,(anonymous_12)
FN:229,(anonymous_13)
FN:234,(anonymous_14)
FN:240,(anonymous_15)
FN:242,(anonymous_16)
FN:251,(anonymous_17)
FN:256,(anonymous_18)
FN:267,(anonymous_19)
FN:283,(anonymous_20)
FN:285,(anonymous_21)
FN:291,(anonymous_22)
FN:311,startLocationTracking
FN:314,(anonymous_24)
FN:322,(anonymous_25)
FN:335,stopLocationTracking
FN:339,startJourneyUpdates
FN:340,(anonymous_28)
FN:346,(anonymous_29)
FN:349,stopJourneyUpdates
FN:353,(anonymous_31)
FN:373,(anonymous_32)
FN:391,checkNearbyStations
FN:392,(anonymous_34)
FN:405,calculateDistance
FN:416,addNotification
FN:423,(anonymous_37)
FN:426,startJourney
FN:446,endJourney
FN:473,(anonymous_40)
FN:480,(anonymous_41)
FN:492,(anonymous_42)
FN:494,(anonymous_43)
FN:495,(anonymous_44)
FN:569,(anonymous_45)
FN:618,(anonymous_46)
FN:634,(anonymous_47)
FN:644,(anonymous_48)
FN:644,(anonymous_49)
FN:644,(anonymous_50)
FN:660,(anonymous_51)
FN:716,(anonymous_52)
FN:772,(anonymous_53)
FN:782,(anonymous_54)
FNF:55
FNH:0
FNDA:0,JourneyTrackingPage
FNDA:0,(anonymous_1)
FNDA:0,(anonymous_2)
FNDA:0,(anonymous_3)
FNDA:0,(anonymous_4)
FNDA:0,(anonymous_5)
FNDA:0,(anonymous_6)
FNDA:0,(anonymous_7)
FNDA:0,(anonymous_8)
FNDA:0,(anonymous_9)
FNDA:0,(anonymous_10)
FNDA:0,(anonymous_11)
FNDA:0,(anonymous_12)
FNDA:0,(anonymous_13)
FNDA:0,(anonymous_14)
FNDA:0,(anonymous_15)
FNDA:0,(anonymous_16)
FNDA:0,(anonymous_17)
FNDA:0,(anonymous_18)
FNDA:0,(anonymous_19)
FNDA:0,(anonymous_20)
FNDA:0,(anonymous_21)
FNDA:0,(anonymous_22)
FNDA:0,startLocationTracking
FNDA:0,(anonymous_24)
FNDA:0,(anonymous_25)
FNDA:0,stopLocationTracking
FNDA:0,startJourneyUpdates
FNDA:0,(anonymous_28)
FNDA:0,(anonymous_29)
FNDA:0,stopJourneyUpdates
FNDA:0,(anonymous_31)
FNDA:0,(anonymous_32)
FNDA:0,checkNearbyStations
FNDA:0,(anonymous_34)
FNDA:0,calculateDistance
FNDA:0,addNotification
FNDA:0,(anonymous_37)
FNDA:0,startJourney
FNDA:0,endJourney
FNDA:0,(anonymous_40)
FNDA:0,(anonymous_41)
FNDA:0,(anonymous_42)
FNDA:0,(anonymous_43)
FNDA:0,(anonymous_44)
FNDA:0,(anonymous_45)
FNDA:0,(anonymous_46)
FNDA:0,(anonymous_47)
FNDA:0,(anonymous_48)
FNDA:0,(anonymous_49)
FNDA:0,(anonymous_50)
FNDA:0,(anonymous_51)
FNDA:0,(anonymous_52)
FNDA:0,(anonymous_53)
FNDA:0,(anonymous_54)
DA:15,0
DA:16,0
DA:17,0
DA:18,0
DA:19,0
DA:20,0
DA:21,0
DA:22,0
DA:23,0
DA:24,0
DA:25,0
DA:26,0
DA:29,0
DA:30,0
DA:31,0
DA:38,0
DA:40,0
DA:41,0
DA:43,0
DA:44,0
DA:45,0
DA:46,0
DA:47,0
DA:51,0
DA:52,0
DA:53,0
DA:54,0
DA:56,0
DA:57,0
DA:60,0
DA:61,0
DA:62,0
DA:63,0
DA:65,0
DA:66,0
DA:67,0
DA:68,0
DA:69,0
DA:70,0
DA:71,0
DA:75,0
DA:76,0
DA:78,0
DA:95,0
DA:99,0
DA:100,0
DA:102,0
DA:120,0
DA:122,0
DA:123,0
DA:125,0
DA:130,0
DA:131,0
DA:134,0
DA:137,0
DA:142,0
DA:145,0
DA:148,0
DA:149,0
DA:172,0
DA:173,0
DA:175,0
DA:179,0
DA:180,0
DA:181,0
DA:198,0
DA:199,0
DA:201,0
DA:205,0
DA:206,0
DA:209,0
DA:211,0
DA:214,0
DA:215,0
DA:216,0
DA:217,0
DA:218,0
DA:219,0
DA:220,0
DA:221,0
DA:223,0
DA:225,0
DA:229,0
DA:230,0
DA:231,0
DA:232,0
DA:234,0
DA:235,0
DA:236,0
DA:240,0
DA:241,0
DA:242,0
DA:243,0
DA:244,0
DA:246,0
DA:247,0
DA:248,0
DA:251,0
DA:256,0
DA:257,0
DA:259,0
DA:260,0
DA:266,0
DA:267,0
DA:270,0
DA:272,0
DA:273,0
DA:279,0
DA:280,0
DA:282,0
DA:283,0
DA:284,0
DA:285,0
DA:286,0
DA:292,0
DA:298,0
DA:300,0
DA:301,0
DA:302,0
DA:303,0
DA:306,0
DA:307,0
DA:312,0
DA:313,0
DA:315,0
DA:320,0
DA:323,0
DA:324,0
DA:340,0
DA:341,0
DA:342,0
DA:346,0
DA:353,0
DA:355,0
DA:356,0
DA:359,0
DA:362,0
DA:369,0
DA:370,0
DA:373,0
DA:374,0
DA:379,0
DA:380,0
DA:384,0
DA:385,0
DA:386,0
DA:392,0
DA:393,0
DA:394,0
DA:398,0
DA:399,0
DA:406,0
DA:407,0
DA:408,0
DA:409,0
DA:412,0
DA:413,0
DA:417,0
DA:423,0
DA:428,0
DA:436,0
DA:437,0
DA:440,0
DA:442,0
DA:443,0
DA:447,0
DA:448,0
DA:450,0
DA:456,0
DA:457,0
DA:459,0
DA:460,0
DA:464,0
DA:465,0
DA:466,0
DA:467,0
DA:471,0
DA:473,0
DA:481,0
DA:482,0
DA:483,0
DA:484,0
DA:485,0
DA:492,0
DA:493,0
DA:494,0
DA:495,0
DA:499,0
DA:500,0
DA:501,0
DA:503,0
DA:570,0
DA:619,0
DA:620,0
DA:635,0
DA:644,0
DA:661,0
DA:717,0
DA:772,0
DA:782,0
LF:200
LH:0
BRDA:54,0,0,0
BRDA:54,0,1,0
BRDA:54,1,0,0
BRDA:54,1,1,0
BRDA:56,2,0,0
BRDA:56,2,1,0
BRDA:57,3,0,0
BRDA:57,3,1,0
BRDA:62,4,0,0
BRDA:62,4,1,0
BRDA:62,5,0,0
BRDA:62,5,1,0
BRDA:66,6,0,0
BRDA:66,6,1,0
BRDA:66,7,0,0
BRDA:66,7,1,0
BRDA:67,8,0,0
BRDA:67,8,1,0
BRDA:71,9,0,0
BRDA:71,9,1,0
BRDA:75,10,0,0
BRDA:75,10,1,0
BRDA:76,11,0,0
BRDA:76,11,1,0
BRDA:80,12,0,0
BRDA:80,12,1,0
BRDA:83,13,0,0
BRDA:83,13,1,0
BRDA:83,14,0,0
BRDA:83,14,1,0
BRDA:84,15,0,0
BRDA:84,15,1,0
BRDA:85,16,0,0
BRDA:85,16,1,0
BRDA:89,17,0,0
BRDA:89,17,1,0
BRDA:89,17,2,0
BRDA:90,18,0,0
BRDA:90,18,1,0
BRDA:90,18,2,0
BRDA:90,19,0,0
BRDA:90,19,1,0
BRDA:90,20,0,0
BRDA:90,20,1,0
BRDA:90,20,2,0
BRDA:92,21,0,0
BRDA:92,21,1,0
BRDA:99,22,0,0
BRDA:99,22,1,0
BRDA:100,23,0,0
BRDA:100,23,1,0
BRDA:104,24,0,0
BRDA:104,24,1,0
BRDA:107,25,0,0
BRDA:107,25,1,0
BRDA:109,26,0,0
BRDA:109,26,1,0
BRDA:113,27,0,0
BRDA:113,27,1,0
BRDA:113,27,2,0
BRDA:115,28,0,0
BRDA:115,28,1,0
BRDA:131,29,0,0
BRDA:131,29,1,0
BRDA:137,30,0,0
BRDA:137,30,1,0
BRDA:137,31,0,0
BRDA:137,31,1,0
BRDA:137,31,2,0
BRDA:137,31,3,0
BRDA:137,31,4,0
BRDA:149,32,0,0
BRDA:149,32,1,0
BRDA:149,32,2,0
BRDA:149,32,3,0
BRDA:149,32,4,0
BRDA:149,32,5,0
BRDA:149,32,6,0
BRDA:149,32,7,0
BRDA:149,32,8,0
BRDA:149,32,9,0
BRDA:149,32,10,0
BRDA:149,32,11,0
BRDA:149,32,12,0
BRDA:149,32,13,0
BRDA:149,32,14,0
BRDA:149,32,15,0
BRDA:149,32,16,0
BRDA:172,33,0,0
BRDA:172,33,1,0
BRDA:179,34,0,0
BRDA:179,34,1,0
BRDA:181,35,0,0
BRDA:181,35,1,0
BRDA:181,35,2,0
BRDA:181,35,3,0
BRDA:181,35,4,0
BRDA:181,35,5,0
BRDA:181,35,6,0
BRDA:181,35,7,0
BRDA:181,35,8,0
BRDA:181,35,9,0
BRDA:181,35,10,0
BRDA:181,35,11,0
BRDA:181,35,12,0
BRDA:198,36,0,0
BRDA:198,36,1,0
BRDA:205,37,0,0
BRDA:205,37,1,0
BRDA:206,38,0,0
BRDA:206,38,1,0
BRDA:206,38,2,0
BRDA:206,39,0,0
BRDA:206,39,1,0
BRDA:206,39,2,0
BRDA:218,40,0,0
BRDA:218,40,1,0
BRDA:218,41,0,0
BRDA:218,41,1,0
BRDA:220,42,0,0
BRDA:220,42,1,0
BRDA:230,43,0,0
BRDA:230,43,1,0
BRDA:230,44,0,0
BRDA:230,44,1,0
BRDA:241,45,0,0
BRDA:241,45,1,0
BRDA:243,46,0,0
BRDA:243,46,1,0
BRDA:257,47,0,0
BRDA:257,47,1,0
BRDA:257,48,0,0
BRDA:257,48,1,0
BRDA:267,49,0,0
BRDA:267,49,1,0
BRDA:270,50,0,0
BRDA:270,50,1,0
BRDA:282,51,0,0
BRDA:282,51,1,0
BRDA:285,52,0,0
BRDA:285,52,1,0
BRDA:286,53,0,0
BRDA:286,53,1,0
BRDA:286,53,2,0
BRDA:286,53,3,0
BRDA:286,53,4,0
BRDA:292,54,0,0
BRDA:292,54,1,0
BRDA:292,54,2,0
BRDA:292,54,3,0
BRDA:292,54,4,0
BRDA:298,55,0,0
BRDA:298,55,1,0
BRDA:312,56,0,0
BRDA:312,56,1,0
BRDA:341,57,0,0
BRDA:341,57,1,0
BRDA:341,58,0,0
BRDA:341,58,1,0
BRDA:341,58,2,0
BRDA:355,59,0,0
BRDA:355,59,1,0
BRDA:374,60,0,0
BRDA:374,60,1,0
BRDA:374,60,2,0
BRDA:379,61,0,0
BRDA:379,61,1,0
BRDA:384,62,0,0
BRDA:384,62,1,0
BRDA:393,63,0,0
BRDA:393,63,1,0
BRDA:393,64,0,0
BRDA:393,64,1,0
BRDA:398,65,0,0
BRDA:398,65,1,0
BRDA:416,66,0,0
BRDA:447,67,0,0
BRDA:447,67,1,0
BRDA:475,68,0,0
BRDA:475,68,1,0
BRDA:476,69,0,0
BRDA:476,69,1,0
BRDA:477,70,0,0
BRDA:477,70,1,0
BRDA:478,71,0,0
BRDA:478,71,1,0
BRDA:478,72,0,0
BRDA:478,72,1,0
BRDA:479,73,0,0
BRDA:479,73,1,0
BRDA:479,74,0,0
BRDA:479,74,1,0
BRDA:479,75,0,0
BRDA:479,75,1,0
BRDA:485,76,0,0
BRDA:485,76,1,0
BRDA:495,77,0,0
BRDA:495,77,1,0
BRDA:495,78,0,0
BRDA:495,78,1,0
BRDA:525,79,0,0
BRDA:525,79,1,0
BRDA:525,79,2,0
BRDA:539,80,0,0
BRDA:539,80,1,0
BRDA:542,81,0,0
BRDA:542,81,1,0
BRDA:551,82,0,0
BRDA:551,82,1,0
BRDA:571,83,0,0
BRDA:571,83,1,0
BRDA:571,83,2,0
BRDA:572,84,0,0
BRDA:572,84,1,0
BRDA:572,85,0,0
BRDA:572,85,1,0
BRDA:577,86,0,0
BRDA:577,86,1,0
BRDA:579,87,0,0
BRDA:579,87,1,0
BRDA:632,88,0,0
BRDA:632,88,1,0
BRDA:637,89,0,0
BRDA:637,89,1,0
BRDA:637,90,0,0
BRDA:637,90,1,0
BRDA:639,91,0,0
BRDA:639,91,1,0
BRDA:639,92,0,0
BRDA:639,92,1,0
BRDA:654,93,0,0
BRDA:654,93,1,0
BRDA:664,94,0,0
BRDA:664,94,1,0
BRDA:668,95,0,0
BRDA:668,95,1,0
BRDA:671,96,0,0
BRDA:671,96,1,0
BRDA:678,97,0,0
BRDA:678,97,1,0
BRDA:697,98,0,0
BRDA:697,98,1,0
BRDA:719,99,0,0
BRDA:719,99,1,0
BRDA:722,100,0,0
BRDA:722,100,1,0
BRDA:725,101,0,0
BRDA:725,101,1,0
BRDA:734,102,0,0
BRDA:734,102,1,0
BRDA:740,103,0,0
BRDA:740,103,1,0
BRDA:740,104,0,0
BRDA:740,104,1,0
BRDA:745,105,0,0
BRDA:745,105,1,0
BRDA:747,106,0,0
BRDA:747,106,1,0
BRDA:754,107,0,0
BRDA:754,107,1,0
BRDA:761,108,0,0
BRDA:761,108,1,0
BRDA:762,109,0,0
BRDA:762,109,1,0
BRF:264
BRH:0
end_of_record
TN:
SF:src\pages\LoginPage.jsx
FN:10,LoginPage
FN:21,handleSubmit
FN:39,sendOtp
FN:53,handleVerifyOtp
FN:101,(anonymous_4)
FN:112,(anonymous_5)
FN:170,(anonymous_6)
FN:191,(anonymous_7)
FNF:8
FNH:0
FNDA:0,LoginPage
FNDA:0,handleSubmit
FNDA:0,sendOtp
FNDA:0,handleVerifyOtp
FNDA:0,(anonymous_4)
FNDA:0,(anonymous_5)
FNDA:0,(anonymous_6)
FNDA:0,(anonymous_7)
DA:11,0
DA:12,0
DA:13,0
DA:14,0
DA:15,0
DA:16,0
DA:17,0
DA:18,0
DA:19,0
DA:22,0
DA:23,0
DA:24,0
DA:25,0
DA:27,0
DA:28,0
DA:29,0
DA:30,0
DA:31,0
DA:33,0
DA:35,0
DA:40,0
DA:41,0
DA:42,0
DA:43,0
DA:44,0
DA:45,0
DA:47,0
DA:49,0
DA:54,0
DA:55,0
DA:56,0
DA:57,0
DA:62,0
DA:63,0
DA:65,0
DA:67,0
DA:71,0
DA:101,0
DA:112,0
DA:170,0
DA:191,0
LF:41
LH:0
BRDA:23,0,0,0
BRDA:23,0,1,0
BRDA:33,1,0,0
BRDA:33,1,1,0
BRDA:40,2,0,0
BRDA:40,2,1,0
BRDA:47,3,0,0
BRDA:47,3,1,0
BRDA:54,4,0,0
BRDA:54,4,1,0
BRDA:60,5,0,0
BRDA:60,5,1,0
BRDA:65,6,0,0
BRDA:65,6,1,0
BRDA:124,7,0,0
BRDA:124,7,1,0
BRDA:140,8,0,0
BRDA:140,8,1,0
BRDA:145,9,0,0
BRDA:145,9,1,0
BRDA:147,10,0,0
BRDA:147,10,1,0
BRDA:158,11,0,0
BRDA:158,11,1,0
BRDA:178,12,0,0
BRDA:178,12,1,0
BRDA:197,13,0,0
BRDA:197,13,1,0
BRDA:199,14,0,0
BRDA:199,14,1,0
BRDA:210,15,0,0
BRDA:210,15,1,0
BRDA:216,16,0,0
BRDA:216,16,1,0
BRF:34
BRH:0
end_of_record
TN:
SF:src\pages\MultiRouteBookingPage.jsx
FN:7,MultiRouteBookingPage
FN:10,(anonymous_1)
FN:12,(anonymous_2)
FN:23,(anonymous_3)
FN:29,(anonymous_4)
FN:57,(anonymous_5)
FN:59,(anonymous_6)
FN:60,(anonymous_7)
FN:65,(anonymous_8)
FN:115,(anonymous_9)
FN:125,(anonymous_10)
FN:161,(anonymous_11)
FN:162,(anonymous_12)
FN:176,(anonymous_13)
FN:183,(anonymous_14)
FN:184,(anonymous_15)
FN:187,(anonymous_16)
FN:211,(anonymous_17)
FN:214,(anonymous_18)
FN:226,(anonymous_19)
FN:229,(anonymous_20)
FN:241,(anonymous_21)
FN:243,(anonymous_22)
FN:308,(anonymous_23)
FN:313,(anonymous_24)
FN:340,(anonymous_25)
FNF:26
FNH:0
FNDA:0,MultiRouteBookingPage
FNDA:0,(anonymous_1)
FNDA:0,(anonymous_2)
FNDA:0,(anonymous_3)
FNDA:0,(anonymous_4)
FNDA:0,(anonymous_5)
FNDA:0,(anonymous_6)
FNDA:0,(anonymous_7)
FNDA:0,(anonymous_8)
FNDA:0,(anonymous_9)
FNDA:0,(anonymous_10)
FNDA:0,(anonymous_11)
FNDA:0,(anonymous_12)
FNDA:0,(anonymous_13)
FNDA:0,(anonymous_14)
FNDA:0,(anonymous_15)
FNDA:0,(anonymous_16)
FNDA:0,(anonymous_17)
FNDA:0,(anonymous_18)
FNDA:0,(anonymous_19)
FNDA:0,(anonymous_20)
FNDA:0,(anonymous_21)
FNDA:0,(anonymous_22)
FNDA:0,(anonymous_23)
FNDA:0,(anonymous_24)
FNDA:0,(anonymous_25)
DA:8,0
DA:9,0
DA:10,0
DA:11,0
DA:12,0
DA:14,0
DA:15,0
DA:16,0
DA:17,0
DA:18,0
DA:19,0
DA:20,0
DA:21,0
DA:23,0
DA:24,0
DA:25,0
DA:29,0
DA:30,0
DA:31,0
DA:32,0
DA:35,0
DA:36,0
DA:37,0
DA:39,0
DA:40,0
DA:46,0
DA:47,0
DA:49,0
DA:50,0
DA:51,0
DA:53,0
DA:57,0
DA:59,0
DA:60,0
DA:62,0
DA:65,0
DA:66,0
DA:70,0
DA:72,0
DA:73,0
DA:75,0
DA:109,0
DA:112,0
DA:115,0
DA:116,0
DA:117,0
DA:118,0
DA:125,0
DA:126,0
DA:127,0
DA:128,0
DA:131,0
DA:132,0
DA:134,0
DA:135,0
DA:145,0
DA:146,0
DA:148,0
DA:149,0
DA:152,0
DA:161,0
DA:162,0
DA:167,0
DA:169,0
DA:170,0
DA:172,0
DA:176,0
DA:177,0
DA:178,0
DA:179,0
DA:180,0
DA:183,0
DA:184,0
DA:187,0
DA:188,0
DA:189,0
DA:190,0
DA:193,0
DA:211,0
DA:215,0
DA:226,0
DA:230,0
DA:241,0
DA:244,0
DA:309,0
DA:313,0
DA:341,0
LF:87
LH:0
BRDA:11,0,0,0
BRDA:11,0,1,0
BRDA:11,0,2,0
BRDA:24,1,0,0
BRDA:24,1,1,0
BRDA:24,2,0,0
BRDA:24,2,1,0
BRDA:30,3,0,0
BRDA:30,3,1,0
BRDA:30,4,0,0
BRDA:30,4,1,0
BRDA:30,4,2,0
BRDA:46,5,0,0
BRDA:46,5,1,0
BRDA:46,5,2,0
BRDA:47,6,0,0
BRDA:47,6,1,0
BRDA:62,7,0,0
BRDA:62,7,1,0
BRDA:62,8,0,0
BRDA:62,8,1,0
BRDA:66,9,0,0
BRDA:66,9,1,0
BRDA:66,9,2,0
BRDA:66,9,3,0
BRDA:66,9,4,0
BRDA:73,10,0,0
BRDA:73,10,1,0
BRDA:73,11,0,0
BRDA:73,11,1,0
BRDA:115,12,0,0
BRDA:126,13,0,0
BRDA:126,13,1,0
BRDA:126,14,0,0
BRDA:126,14,1,0
BRDA:136,15,0,0
BRDA:136,15,1,0
BRDA:137,16,0,0
BRDA:137,16,1,0
BRDA:141,17,0,0
BRDA:141,17,1,0
BRDA:142,18,0,0
BRDA:142,18,1,0
BRDA:146,19,0,0
BRDA:146,19,1,0
BRDA:148,20,0,0
BRDA:148,20,1,0
BRDA:154,21,0,0
BRDA:154,21,1,0
BRDA:155,22,0,0
BRDA:155,22,1,0
BRDA:161,23,0,0
BRDA:161,23,1,0
BRDA:162,24,0,0
BRDA:162,24,1,0
BRDA:179,25,0,0
BRDA:179,25,1,0
BRDA:184,26,0,0
BRDA:184,26,1,0
BRDA:184,27,0,0
BRDA:184,27,1,0
BRDA:215,28,0,0
BRDA:215,28,1,0
BRDA:215,29,0,0
BRDA:215,29,1,0
BRDA:230,30,0,0
BRDA:230,30,1,0
BRDA:230,31,0,0
BRDA:230,31,1,0
BRDA:245,32,0,0
BRDA:245,32,1,0
BRDA:256,33,0,0
BRDA:256,33,1,0
BRDA:256,33,2,0
BRDA:258,34,0,0
BRDA:258,34,1,0
BRDA:272,35,0,0
BRDA:272,35,1,0
BRDA:282,36,0,0
BRDA:282,36,1,0
BRDA:291,37,0,0
BRDA:291,37,1,0
BRDA:298,38,0,0
BRDA:298,38,1,0
BRDA:309,39,0,0
BRDA:309,39,1,0
BRDA:311,40,0,0
BRDA:311,40,1,0
BRDA:319,41,0,0
BRDA:319,41,1,0
BRDA:325,42,0,0
BRDA:325,42,1,0
BRDA:340,43,0,0
BRDA:340,43,1,0
BRDA:348,44,0,0
BRDA:348,44,1,0
BRDA:368,45,0,0
BRDA:368,45,1,0
BRDA:372,46,0,0
BRDA:372,46,1,0
BRDA:382,47,0,0
BRDA:382,47,1,0
BRDA:389,48,0,0
BRDA:389,48,1,0
BRF:104
BRH:0
end_of_record
TN:
SF:src\pages\MultiTicketPage.jsx
FN:6,MultiTicketPage
FN:12,(anonymous_1)
FN:27,(anonymous_2)
FN:33,(anonymous_3)
FN:46,(anonymous_4)
FN:67,(anonymous_5)
FN:162,(anonymous_6)
FNF:7
FNH:0
FNDA:0,MultiTicketPage
FNDA:0,(anonymous_1)
FNDA:0,(anonymous_2)
FNDA:0,(anonymous_3)
FNDA:0,(anonymous_4)
FNDA:0,(anonymous_5)
FNDA:0,(anonymous_6)
DA:7,0
DA:8,0
DA:9,0
DA:10,0
DA:12,0
DA:14,0
DA:16,0
DA:17,0
DA:18,0
DA:21,0
DA:25,0
DA:27,0
DA:28,0
DA:29,0
DA:33,0
DA:34,0
DA:35,0
DA:39,0
DA:40,0
DA:46,0
DA:54,0
DA:67,0
DA:162,0
LF:23
LH:0
BRDA:14,0,0,0
BRDA:14,0,1,0
BRDA:14,1,0,0
BRDA:14,1,1,0
BRDA:16,2,0,0
BRDA:16,2,1,0
BRDA:28,3,0,0
BRDA:28,3,1,0
BRDA:34,4,0,0
BRDA:34,4,1,0
BRDA:39,5,0,0
BRDA:39,5,1,0
BRDA:76,6,0,0
BRDA:76,6,1,0
BRDA:104,7,0,0
BRDA:104,7,1,0
BRDA:104,7,2,0
BRDA:105,8,0,0
BRDA:105,8,1,0
BRDA:109,9,0,0
BRDA:109,9,1,0
BRDA:121,10,0,0
BRDA:121,10,1,0
BRDA:121,10,2,0
BRDA:124,11,0,0
BRDA:124,11,1,0
BRDA:137,12,0,0
BRDA:137,12,1,0
BRDA:140,13,0,0
BRDA:140,13,1,0
BRDA:145,14,0,0
BRDA:145,14,1,0
BRDA:145,14,2,0
BRDA:149,15,0,0
BRDA:149,15,1,0
BRDA:150,16,0,0
BRDA:150,16,1,0
BRDA:162,17,0,0
BRDA:162,17,1,0
BRDA:162,17,2,0
BRF:40
BRH:0
end_of_record
TN:
SF:src\pages\MyPlansPage.jsx
FN:13,getStatusBadgeClass
FN:34,calculateExpiryDate
FN:66,isPlanExpired
FN:71,MyPlansPage
FN:77,(anonymous_4)
FN:92,(anonymous_5)
FN:98,(anonymous_6)
FN:116,(anonymous_7)
FN:124,(anonymous_8)
FN:129,(anonymous_9)
FN:135,(anonymous_10)
FN:139,(anonymous_11)
FN:140,(anonymous_12)
FN:144,(anonymous_13)
FN:149,(anonymous_14)
FN:150,(anonymous_15)
FN:156,(anonymous_16)
FN:170,(anonymous_17)
FN:212,renew
FN:284,cancel
FN:290,(anonymous_20)
FN:317,(anonymous_21)
FN:321,(anonymous_22)
FN:354,(anonymous_23)
FN:395,(anonymous_24)
FN:402,formatDate
FN:412,daysUntilExpiry
FN:427,(anonymous_27)
FN:446,(anonymous_28)
FN:464,(anonymous_29)
FN:486,(anonymous_30)
FN:509,(anonymous_31)
FN:517,(anonymous_32)
FN:521,(anonymous_33)
FN:561,(anonymous_34)
FN:568,(anonymous_35)
FN:615,(anonymous_36)
FN:635,(anonymous_37)
FN:656,(anonymous_38)
FN:693,(anonymous_39)
FN:703,(anonymous_40)
FN:705,(anonymous_41)
FN:705,(anonymous_42)
FN:709,(anonymous_43)
FN:735,(anonymous_44)
FNF:45
FNH:0
FNDA:0,getStatusBadgeClass
FNDA:0,calculateExpiryDate
FNDA:0,isPlanExpired
FNDA:0,MyPlansPage
FNDA:0,(anonymous_4)
FNDA:0,(anonymous_5)
FNDA:0,(anonymous_6)
FNDA:0,(anonymous_7)
FNDA:0,(anonymous_8)
FNDA:0,(anonymous_9)
FNDA:0,(anonymous_10)
FNDA:0,(anonymous_11)
FNDA:0,(anonymous_12)
FNDA:0,(anonymous_13)
FNDA:0,(anonymous_14)
FNDA:0,(anonymous_15)
FNDA:0,(anonymous_16)
FNDA:0,(anonymous_17)
FNDA:0,renew
FNDA:0,cancel
FNDA:0,(anonymous_20)
FNDA:0,(anonymous_21)
FNDA:0,(anonymous_22)
FNDA:0,(anonymous_23)
FNDA:0,(anonymous_24)
FNDA:0,formatDate
FNDA:0,daysUntilExpiry
FNDA:0,(anonymous_27)
FNDA:0,(anonymous_28)
FNDA:0,(anonymous_29)
FNDA:0,(anonymous_30)
FNDA:0,(anonymous_31)
FNDA:0,(anonymous_32)
FNDA:0,(anonymous_33)
FNDA:0,(anonymous_34)
FNDA:0,(anonymous_35)
FNDA:0,(anonymous_36)
FNDA:0,(anonymous_37)
FNDA:0,(anonymous_38)
FNDA:0,(anonymous_39)
FNDA:0,(anonymous_40)
FNDA:0,(anonymous_41)
FNDA:0,(anonymous_42)
FNDA:0,(anonymous_43)
FNDA:0,(anonymous_44)
DA:14,0
DA:17,0
DA:19,0
DA:22,0
DA:25,0
DA:27,0
DA:29,0
DA:35,0
DA:36,0
DA:38,0
DA:41,0
DA:42,0
DA:44,0
DA:45,0
DA:48,0
DA:49,0
DA:52,0
DA:53,0
DA:56,0
DA:57,0
DA:60,0
DA:62,0
DA:67,0
DA:68,0
DA:72,0
DA:73,0
DA:76,0
DA:77,0
DA:80,0
DA:81,0
DA:82,0
DA:83,0
DA:84,0
DA:85,0
DA:86,0
DA:87,0
DA:88,0
DA:89,0
DA:90,0
DA:92,0
DA:93,0
DA:94,0
DA:98,0
DA:99,0
DA:100,0
DA:101,0
DA:102,0
DA:103,0
DA:104,0
DA:107,0
DA:108,0
DA:111,0
DA:116,0
DA:117,0
DA:121,0
DA:122,0
DA:123,0
DA:124,0
DA:125,0
DA:129,0
DA:130,0
DA:131,0
DA:132,0
DA:133,0
DA:134,0
DA:135,0
DA:139,0
DA:140,0
DA:141,0
DA:144,0
DA:145,0
DA:149,0
DA:150,0
DA:152,0
DA:155,0
DA:156,0
DA:157,0
DA:158,0
DA:159,0
DA:160,0
DA:161,0
DA:162,0
DA:166,0
DA:170,0
DA:171,0
DA:172,0
DA:173,0
DA:174,0
DA:175,0
DA:176,0
DA:177,0
DA:178,0
DA:182,0
DA:191,0
DA:204,0
DA:205,0
DA:207,0
DA:213,0
DA:216,0
DA:217,0
DA:218,0
DA:219,0
DA:220,0
DA:224,0
DA:225,0
DA:226,0
DA:227,0
DA:230,0
DA:231,0
DA:232,0
DA:235,0
DA:237,0
DA:238,0
DA:239,0
DA:240,0
DA:244,0
DA:245,0
DA:246,0
DA:247,0
DA:251,0
DA:252,0
DA:253,0
DA:254,0
DA:258,0
DA:267,0
DA:280,0
DA:285,0
DA:286,0
DA:288,0
DA:289,0
DA:290,0
DA:291,0
DA:292,0
DA:296,0
DA:302,0
DA:303,0
DA:304,0
DA:307,0
DA:308,0
DA:310,0
DA:312,0
DA:314,0
DA:317,0
DA:318,0
DA:320,0
DA:321,0
DA:324,0
DA:327,0
DA:328,0
DA:329,0
DA:333,0
DA:335,0
DA:341,0
DA:347,0
DA:348,0
DA:349,0
DA:351,0
DA:352,0
DA:354,0
DA:358,0
DA:361,0
DA:362,0
DA:365,0
DA:371,0
DA:374,0
DA:375,0
DA:376,0
DA:377,0
DA:378,0
DA:379,0
DA:380,0
DA:381,0
DA:382,0
DA:384,0
DA:386,0
DA:387,0
DA:388,0
DA:390,0
DA:394,0
DA:395,0
DA:397,0
DA:403,0
DA:404,0
DA:405,0
DA:407,0
DA:413,0
DA:414,0
DA:415,0
DA:416,0
DA:417,0
DA:420,0
DA:427,0
DA:446,0
DA:464,0
DA:487,0
DA:509,0
DA:518,0
DA:519,0
DA:521,0
DA:561,0
DA:569,0
DA:570,0
DA:571,0
DA:572,0
DA:574,0
DA:615,0
DA:635,0
DA:656,0
DA:693,0
DA:703,0
DA:705,0
DA:706,0
DA:709,0
DA:735,0
LF:214
LH:0
BRDA:14,0,0,0
BRDA:14,0,1,0
BRDA:14,0,2,0
BRDA:14,0,3,0
BRDA:14,0,4,0
BRDA:14,0,5,0
BRDA:14,0,6,0
BRDA:14,0,7,0
BRDA:14,0,8,0
BRDA:14,1,0,0
BRDA:14,1,1,0
BRDA:34,2,0,0
BRDA:36,3,0,0
BRDA:36,3,1,0
BRDA:38,4,0,0
BRDA:38,4,1,0
BRDA:38,4,2,0
BRDA:38,4,3,0
BRDA:38,4,4,0
BRDA:38,4,5,0
BRDA:38,4,6,0
BRDA:38,4,7,0
BRDA:38,4,8,0
BRDA:38,4,9,0
BRDA:67,5,0,0
BRDA:67,5,1,0
BRDA:76,6,0,0
BRDA:77,7,0,0
BRDA:77,7,1,0
BRDA:100,8,0,0
BRDA:100,8,1,0
BRDA:101,9,0,0
BRDA:101,9,1,0
BRDA:101,10,0,0
BRDA:101,10,1,0
BRDA:102,11,0,0
BRDA:102,11,1,0
BRDA:103,12,0,0
BRDA:103,12,1,0
BRDA:107,13,0,0
BRDA:107,13,1,0
BRDA:140,14,0,0
BRDA:140,14,1,0
BRDA:141,15,0,0
BRDA:141,15,1,0
BRDA:141,16,0,0
BRDA:141,16,1,0
BRDA:141,16,2,0
BRDA:141,16,3,0
BRDA:155,17,0,0
BRDA:155,17,1,0
BRDA:157,18,0,0
BRDA:157,18,1,0
BRDA:158,19,0,0
BRDA:158,19,1,0
BRDA:159,20,0,0
BRDA:159,20,1,0
BRDA:160,21,0,0
BRDA:160,21,1,0
BRDA:160,22,0,0
BRDA:160,22,1,0
BRDA:161,23,0,0
BRDA:161,23,1,0
BRDA:161,24,0,0
BRDA:161,24,1,0
BRDA:171,25,0,0
BRDA:171,25,1,0
BRDA:173,26,0,0
BRDA:173,26,1,0
BRDA:174,27,0,0
BRDA:174,27,1,0
BRDA:174,27,2,0
BRDA:174,27,3,0
BRDA:175,28,0,0
BRDA:175,28,1,0
BRDA:175,28,2,0
BRDA:176,29,0,0
BRDA:176,29,1,0
BRDA:184,30,0,0
BRDA:184,30,1,0
BRDA:185,31,0,0
BRDA:185,31,1,0
BRDA:195,32,0,0
BRDA:195,32,1,0
BRDA:196,33,0,0
BRDA:196,33,1,0
BRDA:213,34,0,0
BRDA:213,34,1,0
BRDA:216,35,0,0
BRDA:216,35,1,0
BRDA:216,36,0,0
BRDA:216,36,1,0
BRDA:217,37,0,0
BRDA:217,37,1,0
BRDA:224,38,0,0
BRDA:224,38,1,0
BRDA:231,39,0,0
BRDA:231,39,1,0
BRDA:231,39,2,0
BRDA:231,39,3,0
BRDA:235,40,0,0
BRDA:235,40,1,0
BRDA:235,40,2,0
BRDA:237,41,0,0
BRDA:237,41,1,0
BRDA:237,42,0,0
BRDA:237,42,1,0
BRDA:244,43,0,0
BRDA:244,43,1,0
BRDA:244,44,0,0
BRDA:244,44,1,0
BRDA:251,45,0,0
BRDA:251,45,1,0
BRDA:259,46,0,0
BRDA:259,46,1,0
BRDA:271,47,0,0
BRDA:271,47,1,0
BRDA:272,48,0,0
BRDA:272,48,1,0
BRDA:272,48,2,0
BRDA:285,49,0,0
BRDA:285,49,1,0
BRDA:288,50,0,0
BRDA:288,50,1,0
BRDA:288,51,0,0
BRDA:288,51,1,0
BRDA:296,52,0,0
BRDA:296,52,1,0
BRDA:298,53,0,0
BRDA:298,53,1,0
BRDA:302,54,0,0
BRDA:302,54,1,0
BRDA:308,55,0,0
BRDA:308,55,1,0
BRDA:310,56,0,0
BRDA:310,56,1,0
BRDA:314,57,0,0
BRDA:314,57,1,0
BRDA:317,58,0,0
BRDA:317,58,1,0
BRDA:317,59,0,0
BRDA:317,59,1,0
BRDA:328,60,0,0
BRDA:328,60,1,0
BRDA:330,61,0,0
BRDA:330,61,1,0
BRDA:342,62,0,0
BRDA:342,62,1,0
BRDA:348,63,0,0
BRDA:348,63,1,0
BRDA:361,64,0,0
BRDA:361,64,1,0
BRDA:366,65,0,0
BRDA:366,65,1,0
BRDA:374,66,0,0
BRDA:374,66,1,0
BRDA:376,67,0,0
BRDA:376,67,1,0
BRDA:377,68,0,0
BRDA:377,68,1,0
BRDA:377,69,0,0
BRDA:377,69,1,0
BRDA:379,70,0,0
BRDA:379,70,1,0
BRDA:379,71,0,0
BRDA:379,71,1,0
BRDA:379,71,2,0
BRDA:381,72,0,0
BRDA:381,72,1,0
BRDA:386,73,0,0
BRDA:386,73,1,0
BRDA:387,74,0,0
BRDA:387,74,1,0
BRDA:387,75,0,0
BRDA:387,75,1,0
BRDA:402,76,0,0
BRDA:403,77,0,0
BRDA:403,77,1,0
BRDA:413,78,0,0
BRDA:413,78,1,0
BRDA:430,79,0,0
BRDA:430,79,1,0
BRDA:458,80,0,0
BRDA:458,80,1,0
BRDA:459,81,0,0
BRDA:459,81,1,0
BRDA:471,82,0,0
BRDA:471,82,1,0
BRDA:487,83,0,0
BRDA:487,83,1,0
BRDA:492,84,0,0
BRDA:492,84,1,0
BRDA:492,85,0,0
BRDA:492,85,1,0
BRDA:494,86,0,0
BRDA:494,86,1,0
BRDA:495,87,0,0
BRDA:495,87,1,0
BRDA:499,88,0,0
BRDA:499,88,1,0
BRDA:501,89,0,0
BRDA:501,89,1,0
BRDA:501,90,0,0
BRDA:501,90,1,0
BRDA:505,91,0,0
BRDA:505,91,1,0
BRDA:509,92,0,0
BRDA:509,92,1,0
BRDA:537,93,0,0
BRDA:537,93,1,0
BRDA:548,94,0,0
BRDA:548,94,1,0
BRDA:548,94,2,0
BRDA:553,95,0,0
BRDA:553,95,1,0
BRDA:558,96,0,0
BRDA:558,96,1,0
BRDA:570,97,0,0
BRDA:570,97,1,0
BRDA:570,97,2,0
BRDA:571,98,0,0
BRDA:571,98,1,0
BRDA:572,99,0,0
BRDA:572,99,1,0
BRDA:572,100,0,0
BRDA:572,100,1,0
BRDA:575,101,0,0
BRDA:575,101,1,0
BRDA:575,101,2,0
BRDA:580,102,0,0
BRDA:580,102,1,0
BRDA:580,102,2,0
BRDA:580,102,3,0
BRDA:585,103,0,0
BRDA:585,103,1,0
BRDA:589,104,0,0
BRDA:589,104,1,0
BRDA:589,104,2,0
BRDA:589,105,0,0
BRDA:589,105,1,0
BRDA:589,105,2,0
BRDA:590,106,0,0
BRDA:590,106,1,0
BRDA:592,107,0,0
BRDA:592,107,1,0
BRDA:598,108,0,0
BRDA:598,108,1,0
BRDA:598,108,2,0
BRDA:602,109,0,0
BRDA:602,109,1,0
BRDA:602,110,0,0
BRDA:602,110,1,0
BRDA:602,111,0,0
BRDA:602,111,1,0
BRDA:607,112,0,0
BRDA:607,112,1,0
BRDA:612,113,0,0
BRDA:612,113,1,0
BRDA:616,114,0,0
BRDA:616,114,1,0
BRDA:618,115,0,0
BRDA:618,115,1,0
BRDA:618,116,0,0
BRDA:618,116,1,0
BRDA:632,117,0,0
BRDA:632,117,1,0
BRDA:636,118,0,0
BRDA:636,118,1,0
BRDA:636,119,0,0
BRDA:636,119,1,0
BRDA:637,120,0,0
BRDA:637,120,1,0
BRDA:639,121,0,0
BRDA:639,121,1,0
BRDA:639,122,0,0
BRDA:639,122,1,0
BRDA:653,123,0,0
BRDA:653,123,1,0
BRDA:657,124,0,0
BRDA:657,124,1,0
BRDA:659,125,0,0
BRDA:659,125,1,0
BRDA:659,126,0,0
BRDA:659,126,1,0
BRDA:681,127,0,0
BRDA:681,127,1,0
BRDA:681,127,2,0
BRDA:698,128,0,0
BRDA:698,128,1,0
BRDA:698,129,0,0
BRDA:698,129,1,0
BRDA:699,130,0,0
BRDA:699,130,1,0
BRDA:703,131,0,0
BRDA:703,131,1,0
BRDA:707,132,0,0
BRDA:707,132,1,0
BRDA:709,133,0,0
BRDA:709,133,1,0
BRDA:709,134,0,0
BRDA:709,134,1,0
BRDA:713,135,0,0
BRDA:713,135,1,0
BRDA:713,135,2,0
BRDA:713,135,3,0
BRDA:715,136,0,0
BRDA:715,136,1,0
BRF:307
BRH:0
end_of_record
TN:
SF:src\pages\NotificationPage.jsx
FN:6,NotificationPage
FN:8,(anonymous_1)
FN:9,(anonymous_2)
FN:10,(anonymous_3)
FN:11,(anonymous_4)
FN:17,(anonymous_5)
FN:19,(anonymous_6)
FN:29,(anonymous_7)
FN:30,(anonymous_8)
FN:69,(anonymous_9)
FN:71,(anonymous_10)
FN:76,(anonymous_11)
FN:77,(anonymous_12)
FN:91,(anonymous_13)
FN:98,(anonymous_14)
FN:99,(anonymous_15)
FN:110,(anonymous_16)
FN:117,(anonymous_17)
FN:119,formatDate
FN:127,getNotificationIcon
FN:136,getNotificationColor
FN:210,(anonymous_21)
FN:234,(anonymous_22)
FNF:23
FNH:0
FNDA:0,NotificationPage
FNDA:0,(anonymous_1)
FNDA:0,(anonymous_2)
FNDA:0,(anonymous_3)
FNDA:0,(anonymous_4)
FNDA:0,(anonymous_5)
FNDA:0,(anonymous_6)
FNDA:0,(anonymous_7)
FNDA:0,(anonymous_8)
FNDA:0,(anonymous_9)
FNDA:0,(anonymous_10)
FNDA:0,(anonymous_11)
FNDA:0,(anonymous_12)
FNDA:0,(anonymous_13)
FNDA:0,(anonymous_14)
FNDA:0,(anonymous_15)
FNDA:0,(anonymous_16)
FNDA:0,(anonymous_17)
FNDA:0,formatDate
FNDA:0,getNotificationIcon
FNDA:0,getNotificationColor
FNDA:0,(anonymous_21)
FNDA:0,(anonymous_22)
DA:7,0
DA:8,0
DA:9,0
DA:10,0
DA:11,0
DA:12,0
DA:13,0
DA:14,0
DA:17,0
DA:18,0
DA:19,0
DA:20,0
DA:21,0
DA:22,0
DA:24,0
DA:25,0
DA:29,0
DA:30,0
DA:31,0
DA:32,0
DA:33,0
DA:34,0
DA:35,0
DA:38,0
DA:39,0
DA:40,0
DA:41,0
DA:42,0
DA:43,0
DA:44,0
DA:47,0
DA:50,0
DA:51,0
DA:55,0
DA:56,0
DA:58,0
DA:62,0
DA:66,0
DA:69,0
DA:71,0
DA:72,0
DA:73,0
DA:76,0
DA:77,0
DA:78,0
DA:85,0
DA:87,0
DA:91,0
DA:92,0
DA:93,0
DA:94,0
DA:95,0
DA:98,0
DA:99,0
DA:103,0
DA:106,0
DA:110,0
DA:111,0
DA:112,0
DA:113,0
DA:117,0
DA:120,0
DA:121,0
DA:123,0
DA:128,0
DA:129,0
DA:130,0
DA:131,0
DA:132,0
DA:137,0
DA:138,0
DA:139,0
DA:140,0
DA:141,0
DA:145,0
DA:211,0
DA:212,0
DA:213,0
DA:234,0
LF:79
LH:0
BRDA:8,0,0,0
BRDA:8,0,1,0
BRDA:8,1,0,0
BRDA:8,1,1,0
BRDA:9,2,0,0
BRDA:9,2,1,0
BRDA:10,3,0,0
BRDA:10,3,1,0
BRDA:11,4,0,0
BRDA:11,4,1,0
BRDA:20,5,0,0
BRDA:20,5,1,0
BRDA:20,5,2,0
BRDA:21,6,0,0
BRDA:21,6,1,0
BRDA:32,7,0,0
BRDA:32,7,1,0
BRDA:33,8,0,0
BRDA:33,8,1,0
BRDA:40,9,0,0
BRDA:40,9,1,0
BRDA:40,9,2,0
BRDA:41,10,0,0
BRDA:41,10,1,0
BRDA:41,11,0,0
BRDA:41,11,1,0
BRDA:78,12,0,0
BRDA:78,12,1,0
BRDA:78,13,0,0
BRDA:78,13,1,0
BRDA:93,14,0,0
BRDA:93,14,1,0
BRDA:94,15,0,0
BRDA:94,15,1,0
BRDA:111,16,0,0
BRDA:111,16,1,0
BRDA:112,17,0,0
BRDA:112,17,1,0
BRDA:117,18,0,0
BRDA:117,18,1,0
BRDA:128,19,0,0
BRDA:128,19,1,0
BRDA:128,19,2,0
BRDA:128,19,3,0
BRDA:128,20,0,0
BRDA:128,20,1,0
BRDA:137,21,0,0
BRDA:137,21,1,0
BRDA:137,21,2,0
BRDA:137,21,3,0
BRDA:137,22,0,0
BRDA:137,22,1,0
BRDA:151,23,0,0
BRDA:151,23,1,0
BRDA:161,24,0,0
BRDA:161,24,1,0
BRDA:176,25,0,0
BRDA:176,25,1,0
BRDA:176,25,2,0
BRDA:184,26,0,0
BRDA:184,26,1,0
BRDA:184,26,2,0
BRDA:187,27,0,0
BRDA:187,27,1,0
BRDA:187,27,2,0
BRDA:193,28,0,0
BRDA:193,28,1,0
BRDA:193,29,0,0
BRDA:193,29,1,0
BRDA:200,30,0,0
BRDA:200,30,1,0
BRDA:211,31,0,0
BRDA:211,31,1,0
BRDA:212,32,0,0
BRDA:212,32,1,0
BRDA:216,33,0,0
BRDA:216,33,1,0
BRDA:224,34,0,0
BRDA:224,34,1,0
BRDA:225,35,0,0
BRDA:225,35,1,0
BRDA:225,35,2,0
BRDA:229,36,0,0
BRDA:229,36,1,0
BRDA:229,36,2,0
BRDA:231,37,0,0
BRDA:231,37,1,0
BRF:87
BRH:0
end_of_record
TN:
SF:src\pages\PaymentFailedPage.jsx
FN:4,PaymentFailedPage
FN:19,(anonymous_1)
FN:22,(anonymous_2)
FNF:3
FNH:0
FNDA:0,PaymentFailedPage
FNDA:0,(anonymous_1)
FNDA:0,(anonymous_2)
DA:5,0
DA:6,0
DA:8,0
DA:10,0
DA:12,0
DA:19,0
DA:22,0
LF:7
LH:0
BRDA:8,0,0,0
BRDA:8,0,1,0
BRF:2
BRH:0
end_of_record
TN:
SF:src\pages\PaymentPage.jsx
FN:9,(anonymous_0)
FN:12,(anonymous_1)
FN:32,(anonymous_2)
FN:38,(anonymous_3)
FN:45,(anonymous_4)
FN:62,(anonymous_5)
FN:77,(anonymous_6)
FN:207,(anonymous_7)
FN:268,(anonymous_8)
FN:355,(anonymous_9)
FN:386,(anonymous_10)
FN:411,(anonymous_11)
FN:428,(anonymous_12)
FN:437,(anonymous_13)
FN:451,(anonymous_14)
FN:495,(anonymous_15)
FN:508,(anonymous_16)
FN:648,(anonymous_17)
FNF:18
FNH:0
FNDA:0,(anonymous_0)
FNDA:0,(anonymous_1)
FNDA:0,(anonymous_2)
FNDA:0,(anonymous_3)
FNDA:0,(anonymous_4)
FNDA:0,(anonymous_5)
FNDA:0,(anonymous_6)
FNDA:0,(anonymous_7)
FNDA:0,(anonymous_8)
FNDA:0,(anonymous_9)
FNDA:0,(anonymous_10)
FNDA:0,(anonymous_11)
FNDA:0,(anonymous_12)
FNDA:0,(anonymous_13)
FNDA:0,(anonymous_14)
FNDA:0,(anonymous_15)
FNDA:0,(anonymous_16)
FNDA:0,(anonymous_17)
DA:9,0
DA:10,0
DA:11,0
DA:12,0
DA:13,0
DA:15,0
DA:16,0
DA:17,0
DA:18,0
DA:19,0
DA:20,0
DA:21,0
DA:22,0
DA:23,0
DA:26,0
DA:30,0
DA:32,0
DA:33,0
DA:34,0
DA:38,0
DA:40,0
DA:41,0
DA:45,0
DA:47,0
DA:48,0
DA:49,0
DA:53,0
DA:56,0
DA:57,0
DA:62,0
DA:63,0
DA:64,0
DA:65,0
DA:66,0
DA:68,0
DA:71,0
DA:77,0
DA:78,0
DA:79,0
DA:80,0
DA:84,0
DA:85,0
DA:86,0
DA:90,0
DA:91,0
DA:92,0
DA:95,0
DA:96,0
DA:98,0
DA:99,0
DA:100,0
DA:101,0
DA:105,0
DA:106,0
DA:107,0
DA:108,0
DA:109,0
DA:110,0
DA:111,0
DA:116,0
DA:117,0
DA:118,0
DA:119,0
DA:121,0
DA:123,0
DA:126,0
DA:127,0
DA:128,0
DA:129,0
DA:130,0
DA:131,0
DA:133,0
DA:134,0
DA:135,0
DA:136,0
DA:141,0
DA:142,0
DA:143,0
DA:144,0
DA:150,0
DA:152,0
DA:157,0
DA:167,0
DA:169,0
DA:179,0
DA:180,0
DA:183,0
DA:184,0
DA:187,0
DA:188,0
DA:189,0
DA:190,0
DA:194,0
DA:195,0
DA:199,0
DA:202,0
DA:207,0
DA:208,0
DA:209,0
DA:215,0
DA:216,0
DA:217,0
DA:225,0
DA:232,0
DA:233,0
DA:240,0
DA:249,0
DA:252,0
DA:253,0
DA:255,0
DA:256,0
DA:257,0
DA:258,0
DA:261,0
DA:263,0
DA:268,0
DA:269,0
DA:270,0
DA:271,0
DA:275,0
DA:276,0
DA:277,0
DA:280,0
DA:281,0
DA:283,0
DA:285,0
DA:286,0
DA:287,0
DA:291,0
DA:292,0
DA:293,0
DA:294,0
DA:295,0
DA:296,0
DA:297,0
DA:301,0
DA:302,0
DA:305,0
DA:306,0
DA:307,0
DA:308,0
DA:309,0
DA:310,0
DA:312,0
DA:313,0
DA:314,0
DA:315,0
DA:321,0
DA:322,0
DA:330,0
DA:339,0
DA:340,0
DA:343,0
DA:356,0
DA:358,0
DA:372,0
DA:373,0
DA:383,0
DA:384,0
DA:386,0
DA:387,0
DA:388,0
DA:391,0
DA:392,0
DA:393,0
DA:395,0
DA:399,0
DA:400,0
DA:404,0
DA:408,0
DA:409,0
DA:410,0
DA:411,0
DA:412,0
DA:416,0
DA:417,0
DA:418,0
DA:419,0
DA:420,0
DA:421,0
DA:423,0
DA:424,0
DA:429,0
DA:435,0
DA:436,0
DA:437,0
DA:438,0
DA:448,0
DA:449,0
DA:451,0
DA:452,0
DA:453,0
DA:454,0
DA:455,0
DA:456,0
DA:459,0
DA:461,0
DA:462,0
DA:464,0
DA:469,0
DA:470,0
DA:473,0
DA:474,0
DA:476,0
DA:477,0
DA:478,0
DA:479,0
DA:482,0
DA:484,0
DA:488,0
DA:489,0
DA:495,0
DA:502,0
DA:508,0
DA:648,0
LF:215
LH:0
BRDA:30,0,0,0
BRDA:30,0,1,0
BRDA:30,1,0,0
BRDA:30,1,1,0
BRDA:33,2,0,0
BRDA:33,2,1,0
BRDA:40,3,0,0
BRDA:40,3,1,0
BRDA:40,4,0,0
BRDA:40,4,1,0
BRDA:47,5,0,0
BRDA:47,5,1,0
BRDA:47,6,0,0
BRDA:47,6,1,0
BRDA:48,7,0,0
BRDA:48,7,1,0
BRDA:49,8,0,0
BRDA:49,8,1,0
BRDA:49,8,2,0
BRDA:49,8,3,0
BRDA:56,9,0,0
BRDA:56,9,1,0
BRDA:56,10,0,0
BRDA:56,10,1,0
BRDA:65,11,0,0
BRDA:65,11,1,0
BRDA:66,12,0,0
BRDA:66,12,1,0
BRDA:78,13,0,0
BRDA:78,13,1,0
BRDA:84,14,0,0
BRDA:84,14,1,0
BRDA:84,15,0,0
BRDA:84,15,1,0
BRDA:90,16,0,0
BRDA:90,16,1,0
BRDA:99,17,0,0
BRDA:99,17,1,0
BRDA:100,18,0,0
BRDA:100,18,1,0
BRDA:106,19,0,0
BRDA:106,19,1,0
BRDA:106,20,0,0
BRDA:106,20,1,0
BRDA:108,21,0,0
BRDA:108,21,1,0
BRDA:110,22,0,0
BRDA:110,22,1,0
BRDA:116,23,0,0
BRDA:116,23,1,0
BRDA:118,24,0,0
BRDA:118,24,1,0
BRDA:118,25,0,0
BRDA:118,25,1,0
BRDA:121,26,0,0
BRDA:121,26,1,0
BRDA:126,27,0,0
BRDA:126,27,1,0
BRDA:126,28,0,0
BRDA:126,28,1,0
BRDA:126,28,2,0
BRDA:126,28,3,0
BRDA:129,29,0,0
BRDA:129,29,1,0
BRDA:129,29,2,0
BRDA:129,29,3,0
BRDA:130,30,0,0
BRDA:130,30,1,0
BRDA:142,31,0,0
BRDA:142,31,1,0
BRDA:150,32,0,0
BRDA:150,32,1,0
BRDA:167,33,0,0
BRDA:167,33,1,0
BRDA:169,34,0,0
BRDA:169,34,1,0
BRDA:171,35,0,0
BRDA:171,35,1,0
BRDA:172,36,0,0
BRDA:172,36,1,0
BRDA:175,37,0,0
BRDA:175,37,1,0
BRDA:187,38,0,0
BRDA:187,38,1,0
BRDA:188,39,0,0
BRDA:188,39,1,0
BRDA:194,40,0,0
BRDA:194,40,1,0
BRDA:202,41,0,0
BRDA:202,41,1,0
BRDA:208,42,0,0
BRDA:208,42,1,0
BRDA:215,43,0,0
BRDA:215,43,1,0
BRDA:216,44,0,0
BRDA:216,44,1,0
BRDA:232,45,0,0
BRDA:232,45,1,0
BRDA:249,46,0,0
BRDA:249,46,1,0
BRDA:255,47,0,0
BRDA:255,47,1,0
BRDA:257,48,0,0
BRDA:257,48,1,0
BRDA:269,49,0,0
BRDA:269,49,1,0
BRDA:275,50,0,0
BRDA:275,50,1,0
BRDA:275,51,0,0
BRDA:275,51,1,0
BRDA:285,52,0,0
BRDA:285,52,1,0
BRDA:286,53,0,0
BRDA:286,53,1,0
BRDA:292,54,0,0
BRDA:292,54,1,0
BRDA:292,55,0,0
BRDA:292,55,1,0
BRDA:294,56,0,0
BRDA:294,56,1,0
BRDA:296,57,0,0
BRDA:296,57,1,0
BRDA:301,58,0,0
BRDA:301,58,1,0
BRDA:305,59,0,0
BRDA:305,59,1,0
BRDA:305,60,0,0
BRDA:305,60,1,0
BRDA:305,60,2,0
BRDA:305,60,3,0
BRDA:308,61,0,0
BRDA:308,61,1,0
BRDA:308,61,2,0
BRDA:308,61,3,0
BRDA:309,62,0,0
BRDA:309,62,1,0
BRDA:321,63,0,0
BRDA:321,63,1,0
BRDA:344,64,0,0
BRDA:344,64,1,0
BRDA:348,65,0,0
BRDA:348,65,1,0
BRDA:349,66,0,0
BRDA:349,66,1,0
BRDA:351,67,0,0
BRDA:351,67,1,0
BRDA:352,68,0,0
BRDA:352,68,1,0
BRDA:353,69,0,0
BRDA:353,69,1,0
BRDA:369,70,0,0
BRDA:369,70,1,0
BRDA:372,71,0,0
BRDA:372,71,1,0
BRDA:373,72,0,0
BRDA:373,72,1,0
BRDA:375,73,0,0
BRDA:375,73,1,0
BRDA:376,74,0,0
BRDA:376,74,1,0
BRDA:379,75,0,0
BRDA:379,75,1,0
BRDA:387,76,0,0
BRDA:387,76,1,0
BRDA:391,77,0,0
BRDA:391,77,1,0
BRDA:392,78,0,0
BRDA:392,78,1,0
BRDA:399,79,0,0
BRDA:399,79,1,0
BRDA:418,80,0,0
BRDA:418,80,1,0
BRDA:420,81,0,0
BRDA:420,81,1,0
BRDA:435,82,0,0
BRDA:435,82,1,0
BRDA:438,83,0,0
[...]
BRDA:378,23,1,28
BRDA:390,24,0,31
BRDA:390,24,1,0
BRDA:395,25,0,0
BRDA:395,25,1,0
BRDA:398,26,0,0
BRDA:398,26,1,0
BRDA:404,27,0,0
BRDA:404,27,1,0
BRDA:406,28,0,0
BRDA:406,28,1,0
BRF:60
BRH:29
end_of_record
TN:
SF:src\pages\admin\AdminUserManagement.jsx
FN:5,(anonymous_0)
FN:25,(anonymous_1)
FN:29,(anonymous_2)
FN:51,(anonymous_3)
FN:62,(anonymous_4)
FN:92,(anonymous_5)
FN:105,(anonymous_6)
FN:126,(anonymous_7)
FN:128,(anonymous_8)
FN:134,(anonymous_9)
FN:164,(anonymous_10)
FN:178,(anonymous_11)
FN:197,(anonymous_12)
FN:218,(anonymous_13)
FN:226,(anonymous_14)
FN:233,(anonymous_15)
FN:249,(anonymous_16)
FN:260,(anonymous_17)
FN:356,(anonymous_18)
FN:396,(anonymous_19)
FN:423,(anonymous_20)
FN:439,(anonymous_21)
FNF:22
FNH:13
FNDA:29,(anonymous_0)
FNDA:10,(anonymous_1)
FNDA:12,(anonymous_2)
FNDA:0,(anonymous_3)
FNDA:1,(anonymous_4)
FNDA:2,(anonymous_5)
FNDA:1,(anonymous_6)
FNDA:1,(anonymous_7)
FNDA:1,(anonymous_8)
FNDA:1,(anonymous_9)
FNDA:3,(anonymous_10)
FNDA:0,(anonymous_11)
FNDA:32,(anonymous_12)
FNDA:0,(anonymous_13)
FNDA:2,(anonymous_14)
FNDA:1,(anonymous_15)
FNDA:0,(anonymous_16)
FNDA:0,(anonymous_17)
FNDA:0,(anonymous_18)
FNDA:0,(anonymous_19)
FNDA:0,(anonymous_20)
FNDA:0,(anonymous_21)
DA:5,1
DA:6,29
DA:7,28
DA:8,28
DA:9,28
DA:10,28
DA:11,28
DA:12,28
DA:13,28
DA:14,28
DA:15,28
DA:16,28
DA:25,28
DA:26,10
DA:29,28
DA:30,12
DA:31,12
DA:32,12
DA:37,12
DA:39,11
DA:40,11
DA:41,11
DA:44,1
DA:45,1
DA:47,12
DA:51,28
DA:52,0
DA:53,0
DA:54,0
DA:55,0
DA:57,0
DA:58,0
DA:62,28
DA:63,1
DA:64,1
DA:65,1
DA:67,1
DA:68,1
DA:69,1
DA:71,1
DA:73,0
DA:75,1
DA:76,1
DA:77,1
DA:85,1
DA:87,0
DA:88,0
DA:92,28
DA:93,2
DA:94,2
DA:102,2
DA:105,28
DA:106,1
DA:107,1
DA:108,1
DA:109,1
DA:111,1
DA:112,1
DA:113,1
DA:115,0
DA:118,0
DA:119,0
DA:121,1
DA:126,28
DA:127,1
DA:128,1
DA:134,28
DA:135,1
DA:143,1
DA:144,1
DA:147,28
DA:148,11
DA:157,17
DA:164,3
DA:178,0
DA:198,32
DA:218,0
DA:226,2
DA:233,1
DA:249,0
DA:260,0
DA:356,0
DA:397,0
DA:424,0
DA:439,0
LF:85
LH:65
BRDA:39,0,0,11
BRDA:39,0,1,0
BRDA:40,1,0,0
BRDA:40,1,1,11
BRDA:41,2,0,11
BRDA:41,2,1,11
BRDA:65,3,0,1
BRDA:65,3,1,0
BRDA:68,4,0,1
BRDA:68,4,1,0
BRDA:95,5,0,2
BRDA:95,5,1,0
BRDA:96,6,0,2
BRDA:96,6,1,0
BRDA:97,7,0,2
BRDA:97,7,1,0
BRDA:98,8,0,2
BRDA:98,8,1,0
BRDA:106,9,0,1
BRDA:106,9,1,0
BRDA:111,10,0,1
BRDA:111,10,1,0
BRDA:111,11,0,1
BRDA:111,11,1,1
BRDA:115,12,0,0
BRDA:115,12,1,0
BRDA:118,13,0,0
BRDA:118,13,1,0
BRDA:130,14,0,0
BRDA:130,14,1,1
BRDA:147,15,0,11
BRDA:147,15,1,17
BRDA:169,16,0,17
BRDA:169,16,1,1
BRDA:201,17,0,32
BRDA:201,17,1,0
BRDA:203,18,0,0
BRDA:203,18,1,32
BRDA:208,19,0,16
BRDA:208,19,1,16
BRDA:209,20,0,16
BRDA:209,20,1,16
BRDA:244,21,0,17
BRDA:244,21,1,0
BRDA:274,22,0,3
BRDA:274,22,1,14
BRDA:323,23,0,17
BRDA:323,23,1,3
BRDA:349,24,0,3
BRDA:349,24,1,14
BRDA:361,25,0,17
BRDA:361,25,1,0
BRDA:368,26,0,0
BRDA:368,26,1,0
BRDA:370,27,0,0
BRDA:370,27,1,0
BRDA:375,28,0,0
BRDA:375,28,1,0
BRDA:376,29,0,0
BRDA:376,29,1,0
BRDA:377,30,0,0
BRDA:377,30,1,0
BRDA:378,31,0,0
BRDA:378,31,1,0
BRDA:383,32,0,0
BRDA:383,32,1,0
BRDA:383,32,2,0
BRDA:399,33,0,0
BRDA:399,33,1,0
BRDA:401,34,0,0
BRDA:401,34,1,0
BRDA:410,35,0,0
BRDA:410,35,1,0
BRDA:410,35,2,0
BRDA:425,36,0,0
BRDA:425,36,1,0
BRF:76
BRH:33
end_of_record
TN:
SF:src\realtime\socket.js
FN:9,initRealtime
FN:13,(anonymous_1)
FN:29,(anonymous_2)
FN:30,(anonymous_3)
FN:31,(anonymous_4)
FN:32,(anonymous_5)
FN:43,(anonymous_6)
FN:44,(anonymous_7)
FN:51,getSocket
FNF:9
FNH:0
FNDA:0,initRealtime
FNDA:0,(anonymous_1)
FNDA:0,(anonymous_2)
FNDA:0,(anonymous_3)
FNDA:0,(anonymous_4)
FNDA:0,(anonymous_5)
FNDA:0,(anonymous_6)
FNDA:0,(anonymous_7)
FNDA:0,getSocket
DA:7,0
DA:10,0
DA:11,0
DA:12,0
DA:13,0
DA:14,0
DA:15,0
DA:17,0
DA:18,0
DA:20,0
DA:29,0
DA:30,0
DA:31,0
DA:32,0
DA:35,0
DA:36,0
DA:43,0
DA:44,0
DA:48,0
DA:51,0
LF:20
LH:0
BRDA:10,0,0,0
BRDA:10,0,1,0
BRDA:12,1,0,0
BRDA:12,1,1,0
BRDA:14,2,0,0
BRDA:14,2,1,0
BRDA:17,3,0,0
BRDA:17,3,1,0
BRDA:18,4,0,0
BRDA:18,4,1,0
BRDA:35,5,0,0
BRDA:35,5,1,0
BRDA:35,6,0,0
BRDA:35,6,1,0
BRDA:35,6,2,0
BRDA:38,7,0,0
BRDA:38,7,1,0
BRF:17
BRH:0
end_of_record
TN:
SF:src\slices\authSlice.js
FN:15,(anonymous_0)
FN:21,(anonymous_1)
FN:27,(anonymous_2)
FNF:3
FNH:0
FNDA:0,(anonymous_0)
FNDA:0,(anonymous_1)
FNDA:0,(anonymous_2)
DA:3,1
DA:11,1
DA:16,0
DA:17,0
DA:18,0
DA:19,0
DA:22,0
DA:23,0
DA:24,0
DA:25,0
DA:28,0
DA:29,0
DA:30,0
DA:31,0
DA:36,1
LF:15
LH:3
BRDA:5,0,0,1
BRDA:5,0,1,0
BRDA:6,1,0,1
BRDA:6,1,1,1
BRDA:8,2,0,1
BRDA:8,2,1,0
BRDA:31,3,0,0
BRDA:31,3,1,0
BRF:8
BRH:4
end_of_record
TN:
SF:src\slices\cardSlice.js
FN:7,(anonymous_0)
FN:20,(anonymous_1)
FN:39,(anonymous_2)
FN:45,(anonymous_3)
FN:49,(anonymous_4)
FN:52,(anonymous_5)
FN:56,(anonymous_6)
FN:61,(anonymous_7)
FN:66,(anonymous_8)
FN:70,(anonymous_9)
FN:74,(anonymous_10)
FNF:11
FNH:4
FNDA:0,(anonymous_0)
FNDA:5,(anonymous_1)
FNDA:0,(anonymous_2)
FNDA:0,(anonymous_3)
FNDA:1,(anonymous_4)
FNDA:0,(anonymous_5)
FNDA:0,(anonymous_6)
FNDA:0,(anonymous_7)
FNDA:5,(anonymous_8)
FNDA:0,(anonymous_9)
FNDA:5,(anonymous_10)
DA:5,1
DA:8,0
DA:9,0
DA:10,0
DA:12,0
DA:18,1
DA:21,5
DA:22,5
DA:23,0
DA:25,5
DA:30,1
DA:40,0
DA:41,0
DA:42,0
DA:43,0
DA:46,0
DA:50,1
DA:53,0
DA:54,0
DA:57,0
DA:58,0
DA:59,0
DA:62,0
DA:63,0
DA:67,5
DA:68,5
DA:71,0
DA:72,0
DA:75,5
DA:76,5
DA:81,1
LF:31
LH:12
BRDA:12,0,0,0
BRDA:12,0,1,0
BRDA:25,1,0,5
BRDA:25,1,1,5
BRDA:72,2,0,0
BRDA:72,2,1,0
BRF:6
BRH:2
end_of_record
TN:
SF:src\slices\journeySlice.js
FN:8,(anonymous_0)
FN:48,(anonymous_1)
FN:59,(anonymous_2)
FN:76,(anonymous_3)
FN:85,(anonymous_4)
FN:100,(anonymous_5)
FN:126,(anonymous_6)
FN:132,(anonymous_7)
FN:138,(anonymous_8)
FN:141,(anonymous_9)
FN:144,(anonymous_10)
FN:149,(anonymous_11)
FN:153,(anonymous_12)
FN:161,(anonymous_13)
FN:169,(anonymous_14)
FN:171,(anonymous_15)
FN:175,(anonymous_16)
FN:179,(anonymous_17)
FN:183,(anonymous_18)
FN:193,(anonymous_19)
FN:197,(anonymous_20)
FN:200,(anonymous_21)
FN:212,(anonymous_22)
FNF:23
FNH:0
FNDA:0,(anonymous_0)
FNDA:0,(anonymous_1)
FNDA:0,(anonymous_2)
FNDA:0,(anonymous_3)
FNDA:0,(anonymous_4)
FNDA:0,(anonymous_5)
FNDA:0,(anonymous_6)
FNDA:0,(anonymous_7)
FNDA:0,(anonymous_8)
FNDA:0,(anonymous_9)
FNDA:0,(anonymous_10)
FNDA:0,(anonymous_11)
FNDA:0,(anonymous_12)
FNDA:0,(anonymous_13)
FNDA:0,(anonymous_14)
FNDA:0,(anonymous_15)
FNDA:0,(anonymous_16)
FNDA:0,(anonymous_17)
FNDA:0,(anonymous_18)
FNDA:0,(anonymous_19)
FNDA:0,(anonymous_20)
FNDA:0,(anonymous_21)
FNDA:0,(anonymous_22)
DA:6,0
DA:9,0
DA:10,0
DA:11,0
DA:13,0
DA:14,0
DA:15,0
DA:20,0
DA:21,0
DA:22,0
DA:26,0
DA:27,0
DA:28,0
DA:33,0
DA:38,0
DA:46,0
DA:49,0
DA:51,0
DA:52,0
DA:56,0
DA:59,0
DA:60,0
DA:62,0
DA:64,0
DA:66,0
DA:68,0
DA:74,0
DA:77,0
DA:78,0
DA:81,0
DA:84,0
DA:85,0
DA:87,0
DA:89,0
DA:91,0
DA:92,0
DA:98,0
DA:101,0
DA:102,0
DA:106,0
DA:108,0
DA:109,0
DA:114,0
DA:127,0
DA:129,0
DA:130,0
DA:133,0
DA:134,0
DA:135,0
DA:136,0
DA:139,0
DA:142,0
DA:145,0
DA:146,0
DA:150,0
DA:154,0
DA:155,0
DA:161,0
DA:162,0
DA:170,0
DA:172,0
DA:173,0
DA:176,0
DA:177,0
DA:180,0
DA:181,0
DA:185,0
DA:189,0
DA:193,0
DA:194,0
DA:199,0
DA:200,0
DA:204,0
DA:208,0
DA:209,0
DA:213,0
DA:214,0
DA:227,0
LF:78
LH:0
BRDA:10,0,0,0
BRDA:10,0,1,0
BRDA:11,1,0,0
BRDA:11,1,1,0
BRDA:15,2,0,0
BRDA:15,2,1,0
BRDA:17,3,0,0
BRDA:17,3,1,0
BRDA:22,4,0,0
BRDA:22,4,1,0
BRDA:24,5,0,0
BRDA:24,5,1,0
BRDA:28,6,0,0
BRDA:28,6,1,0
BRDA:30,7,0,0
BRDA:30,7,1,0
BRDA:51,8,0,0
BRDA:51,8,1,0
BRDA:57,9,0,0
BRDA:57,9,1,0
BRDA:60,10,0,0
BRDA:60,10,1,0
BRDA:82,11,0,0
BRDA:82,11,1,0
BRDA:145,12,0,0
BRDA:145,12,1,0
BRDA:154,13,0,0
BRDA:154,13,1,0
BRDA:162,14,0,0
BRDA:162,14,1,0
BRDA:185,15,0,0
BRDA:185,15,1,0
BRDA:186,16,0,0
BRDA:186,16,1,0
BRDA:194,17,0,0
BRDA:194,17,1,0
BRDA:204,18,0,0
BRDA:204,18,1,0
BRDA:205,19,0,0
BRDA:205,19,1,0
BRDA:213,20,0,0
BRDA:213,20,1,0
BRDA:214,21,0,0
BRDA:214,21,1,0
BRF:44
BRH:0
end_of_record
TN:
SF:src\slices\notificationSlice.js
FN:8,(anonymous_0)
FN:27,(anonymous_1)
FN:30,(anonymous_2)
FN:41,(anonymous_3)
FN:44,(anonymous_4)
FN:53,(anonymous_5)
FN:63,(anonymous_6)
FN:64,(anonymous_7)
FN:66,(anonymous_8)
FN:68,(anonymous_9)
FN:75,(anonymous_10)
FN:77,(anonymous_11)
FN:81,(anonymous_12)
FN:88,(anonymous_13)
FN:98,(anonymous_14)
FNF:15
FNH:0
FNDA:0,(anonymous_0)
FNDA:0,(anonymous_1)
FNDA:0,(anonymous_2)
FNDA:0,(anonymous_3)
FNDA:0,(anonymous_4)
FNDA:0,(anonymous_5)
FNDA:0,(anonymous_6)
FNDA:0,(anonymous_7)
FNDA:0,(anonymous_8)
FNDA:0,(anonymous_9)
FNDA:0,(anonymous_10)
FNDA:0,(anonymous_11)
FNDA:0,(anonymous_12)
FNDA:0,(anonymous_13)
FNDA:0,(anonymous_14)
DA:6,0
DA:9,0
DA:10,0
DA:11,0
DA:14,0
DA:15,0
DA:16,0
DA:18,0
DA:23,0
DA:28,0
DA:30,0
DA:31,0
DA:37,0
DA:38,0
DA:42,0
DA:45,0
DA:50,0
DA:51,0
DA:53,0
DA:54,0
DA:55,0
DA:56,0
DA:57,0
DA:61,0
DA:64,0
DA:67,0
DA:68,0
DA:69,0
DA:76,0
DA:78,0
DA:79,0
DA:82,0
DA:84,0
DA:85,0
DA:86,0
DA:88,0
DA:89,0
DA:90,0
DA:91,0
DA:92,0
DA:96,0
DA:99,0
DA:100,0
DA:111,0
LF:44
LH:0
BRDA:11,0,0,0
BRDA:11,0,1,0
BRDA:11,1,0,0
BRDA:11,1,1,0
BRDA:14,2,0,0
BRDA:14,2,1,0
BRDA:14,3,0,0
BRDA:14,3,1,0
BRDA:18,4,0,0
BRDA:18,4,1,0
BRDA:18,4,2,0
BRDA:31,5,0,0
BRDA:31,5,1,0
BRDA:31,5,2,0
BRDA:31,5,3,0
BRDA:34,6,0,0
BRDA:34,6,1,0
BRDA:34,7,0,0
BRDA:34,7,1,0
BRDA:37,8,0,0
BRDA:37,8,1,0
BRDA:45,9,0,0
BRDA:45,9,1,0
BRDA:55,10,0,0
BRDA:55,10,1,0
BRDA:69,11,0,0
BRDA:69,11,1,0
BRDA:84,12,0,0
BRDA:84,12,1,0
BRDA:90,13,0,0
BRDA:90,13,1,0
BRF:31
BRH:0
end_of_record
TN:
SF:src\slices\paymentSlice.js
FN:8,(anonymous_0)
FN:18,(anonymous_1)
FN:20,(anonymous_2)
FN:23,(anonymous_3)
FN:27,(anonymous_4)
FNF:5
FNH:0
FNDA:0,(anonymous_0)
FNDA:0,(anonymous_1)
FNDA:0,(anonymous_2)
FNDA:0,(anonymous_3)
FNDA:0,(anonymous_4)
DA:6,0
DA:9,0
DA:10,0
DA:14,0
DA:19,0
DA:21,0
DA:24,0
DA:25,0
DA:28,0
DA:29,0
LF:10
LH:0
BRF:0
BRH:0
end_of_record
TN:
SF:src\slices\routeSlice.js
FN:7,(anonymous_0)
FN:20,(anonymous_1)
FN:42,(anonymous_2)
FN:46,(anonymous_3)
FN:49,(anonymous_4)
FN:53,(anonymous_5)
FN:57,(anonymous_6)
FN:62,(anonymous_7)
FN:66,(anonymous_8)
FN:70,(anonymous_9)
FNF:10
FNH:0
FNDA:0,(anonymous_0)
FNDA:0,(anonymous_1)
FNDA:0,(anonymous_2)
FNDA:0,(anonymous_3)
FNDA:0,(anonymous_4)
FNDA:0,(anonymous_5)
FNDA:0,(anonymous_6)
FNDA:0,(anonymous_7)
FNDA:0,(anonymous_8)
FNDA:0,(anonymous_9)
DA:5,0
DA:8,0
DA:9,0
DA:10,0
DA:12,0
DA:18,0
DA:21,0
DA:22,0
DA:26,0
DA:28,0
DA:33,0
DA:43,0
DA:47,0
DA:50,0
DA:51,0
DA:54,0
DA:55,0
DA:58,0
DA:59,0
DA:63,0
DA:64,0
DA:67,0
DA:68,0
DA:71,0
DA:72,0
DA:77,0
LF:26
LH:0
BRDA:12,0,0,0
BRDA:12,0,1,0
BRDA:28,1,0,0
BRDA:28,1,1,0
BRF:4
BRH:0
end_of_record
TN:
SF:src\slices\scheduleSlice.js
FN:8,(anonymous_0)
FN:18,(anonymous_1)
FN:20,(anonymous_2)
FN:23,(anonymous_3)
FN:27,(anonymous_4)
FNF:5
FNH:0
FNDA:0,(anonymous_0)
FNDA:0,(anonymous_1)
FNDA:0,(anonymous_2)
FNDA:0,(anonymous_3)
FNDA:0,(anonymous_4)
DA:6,0
DA:9,0
DA:10,0
DA:14,0
DA:19,0
DA:21,0
DA:24,0
DA:25,0
DA:28,0
DA:29,0
LF:10
LH:0
BRF:0
BRH:0
end_of_record
TN:
SF:src\slices\stationSlice.js
FN:6,(anonymous_0)
FN:25,(anonymous_1)
FN:29,(anonymous_2)
FN:35,(anonymous_3)
FN:38,(anonymous_4)
FN:46,(anonymous_5)
FN:48,(anonymous_6)
FN:52,(anonymous_7)
FN:59,(anonymous_8)
FNF:9
FNH:1
FNDA:6,(anonymous_0)
FNDA:0,(anonymous_1)
FNDA:0,(anonymous_2)
FNDA:0,(anonymous_3)
FNDA:0,(anonymous_4)
FNDA:0,(anonymous_5)
FNDA:0,(anonymous_6)
FNDA:0,(anonymous_7)
FNDA:0,(anonymous_8)
DA:4,1
DA:7,6
DA:8,0
DA:12,1
DA:26,0
DA:27,0
DA:29,0
DA:30,0
DA:32,0
DA:33,0
DA:36,0
DA:37,0
DA:39,0
DA:42,0
DA:43,0
DA:47,0
DA:49,0
DA:50,0
DA:53,0
DA:54,0
DA:55,0
DA:56,0
DA:57,0
DA:60,0
DA:61,0
DA:66,1
LF:26
LH:4
BRDA:8,0,0,0
BRDA:8,0,1,0
BRDA:8,1,0,0
BRDA:8,1,1,0
BRDA:37,2,0,0
BRDA:37,2,1,0
BRF:6
BRH:0
end_of_record
TN:
SF:src\slices\subscriptionSlice.js
FN:6,(anonymous_0)
FN:15,(anonymous_1)
FN:28,(anonymous_2)
FN:41,(anonymous_3)
FN:54,(anonymous_4)
FN:68,(anonymous_5)
FN:70,(anonymous_6)
FN:79,(anonymous_7)
FN:82,(anonymous_8)
FN:89,(anonymous_9)
FN:93,(anonymous_10)
FN:96,(anonymous_11)
FN:99,(anonymous_12)
FN:103,(anonymous_13)
FN:108,(anonymous_14)
FN:110,(anonymous_15)
FN:114,(anonymous_16)
FN:118,(anonymous_17)
FN:120,(anonymous_18)
FN:126,(anonymous_19)
FN:130,(anonymous_20)
FN:132,(anonymous_21)
FN:138,(anonymous_22)
FN:142,(anonymous_23)
FN:144,(anonymous_24)
FN:150,(anonymous_25)
FNF:26
FNH:0
FNDA:0,(anonymous_0)
FNDA:0,(anonymous_1)
FNDA:0,(anonymous_2)
FNDA:0,(anonymous_3)
FNDA:0,(anonymous_4)
FNDA:0,(anonymous_5)
FNDA:0,(anonymous_6)
FNDA:0,(anonymous_7)
FNDA:0,(anonymous_8)
FNDA:0,(anonymous_9)
FNDA:0,(anonymous_10)
FNDA:0,(anonymous_11)
FNDA:0,(anonymous_12)
FNDA:0,(anonymous_13)
FNDA:0,(anonymous_14)
FNDA:0,(anonymous_15)
FNDA:0,(anonymous_16)
FNDA:0,(anonymous_17)
FNDA:0,(anonymous_18)
FNDA:0,(anonymous_19)
FNDA:0,(anonymous_20)
FNDA:0,(anonymous_21)
FNDA:0,(anonymous_22)
FNDA:0,(anonymous_23)
FNDA:0,(anonymous_24)
FNDA:0,(anonymous_25)
DA:4,0
DA:7,0
DA:8,0
DA:13,0
DA:16,0
DA:17,0
DA:18,0
DA:20,0
DA:26,0
DA:29,0
DA:30,0
DA:31,0
DA:33,0
DA:39,0
DA:42,0
DA:43,0
DA:44,0
DA:46,0
DA:52,0
DA:55,0
DA:56,0
DA:57,0
DA:59,0
DA:64,0
DA:69,0
DA:70,0
DA:72,0
DA:73,0
DA:75,0
DA:80,0
DA:81,0
DA:82,0
DA:84,0
DA:85,0
DA:90,0
DA:94,0
DA:97,0
DA:100,0
DA:101,0
DA:104,0
DA:105,0
DA:109,0
DA:110,0
DA:111,0
DA:115,0
DA:119,0
DA:120,0
DA:121,0
DA:127,0
DA:131,0
DA:132,0
DA:133,0
DA:139,0
DA:143,0
DA:144,0
DA:145,0
DA:151,0
DA:160,0
LF:58
LH:0
BRDA:20,0,0,0
BRDA:20,0,1,0
BRDA:33,1,0,0
BRDA:33,1,1,0
BRDA:46,2,0,0
BRDA:46,2,1,0
BRDA:59,3,0,0
BRDA:59,3,1,0
BRDA:72,4,0,0
BRDA:72,4,1,0
BRDA:82,5,0,0
BRDA:82,5,1,0
BRDA:84,6,0,0
BRDA:84,6,1,0
BRDA:111,7,0,0
BRDA:111,7,1,0
BRDA:111,8,0,0
BRDA:111,8,1,0
BRDA:121,9,0,0
BRDA:121,9,1,0
BRDA:121,10,0,0
BRDA:121,10,1,0
BRDA:133,11,0,0
BRDA:133,11,1,0
BRDA:133,12,0,0
BRDA:133,12,1,0
BRDA:145,13,0,0
BRDA:145,13,1,0
BRDA:145,14,0,0
BRDA:145,14,1,0
BRF:30
BRH:0
end_of_record
TN:
SF:src\slices\subscriptionplanSlice.js
FN:7,(anonymous_0)
FN:32,(anonymous_1)
FN:47,(anonymous_2)
FN:62,(anonymous_3)
FN:77,(anonymous_4)
FN:98,(anonymous_5)
FN:102,(anonymous_6)
FN:105,(anonymous_7)
FN:109,(anonymous_8)
FN:113,(anonymous_9)
FN:119,(anonymous_10)
FN:123,(anonymous_11)
FN:127,(anonymous_12)
FN:133,(anonymous_13)
FN:138,(anonymous_14)
FN:139,(anonymous_15)
FN:145,(anonymous_16)
FN:146,(anonymous_17)
FNF:18
FNH:4
FNDA:4,(anonymous_0)
FNDA:0,(anonymous_1)
FNDA:0,(anonymous_2)
FNDA:0,(anonymous_3)
FNDA:0,(anonymous_4)
FNDA:0,(anonymous_5)
FNDA:1,(anonymous_6)
FNDA:4,(anonymous_7)
FNDA:0,(anonymous_8)
FNDA:4,(anonymous_9)
FNDA:0,(anonymous_10)
FNDA:0,(anonymous_11)
FNDA:0,(anonymous_12)
FNDA:0,(anonymous_13)
FNDA:0,(anonymous_14)
FNDA:0,(anonymous_15)
FNDA:0,(anonymous_16)
FNDA:0,(anonymous_17)
DA:5,1
DA:8,4
DA:9,4
DA:10,0
DA:13,0
DA:14,0
DA:15,0
DA:18,0
DA:20,4
DA:22,4
DA:30,1
DA:33,0
DA:34,0
DA:35,0
DA:37,0
DA:45,1
DA:48,0
DA:49,0
DA:50,0
DA:52,0
DA:60,1
DA:63,0
DA:64,0
DA:65,0
DA:67,0
DA:75,1
DA:78,0
DA:79,0
DA:80,0
DA:82,0
DA:89,1
DA:99,0
DA:103,1
DA:106,4
DA:107,4
DA:110,0
DA:111,0
DA:114,4
DA:115,4
DA:120,0
DA:121,0
DA:124,0
DA:125,0
DA:128,0
DA:129,0
DA:134,0
DA:139,0
DA:140,0
DA:146,0
DA:151,1
LF:50
LH:16
BRDA:13,0,0,0
BRDA:13,0,1,0
BRDA:13,1,0,0
BRDA:13,1,1,0
BRDA:13,1,2,0
BRDA:18,2,0,0
BRDA:18,2,1,0
BRDA:18,3,0,0
BRDA:18,3,1,0
BRDA:38,4,0,0
BRDA:38,4,1,0
BRDA:53,5,0,0
BRDA:53,5,1,0
BRDA:68,6,0,0
BRDA:68,6,1,0
BRDA:83,7,0,0
BRDA:83,7,1,0
BRDA:140,8,0,0
BRDA:140,8,1,0
BRF:19
BRH:0
end_of_record
TN:
SF:src\slices\ticketSlice.js
FN:8,(anonymous_0)
FN:29,(anonymous_1)
FN:33,(anonymous_2)
FN:36,(anonymous_3)
FN:44,(anonymous_4)
FN:48,(anonymous_5)
FN:52,(anonymous_6)
FN:57,(anonymous_7)
FN:59,(anonymous_8)
FN:62,(anonymous_9)
FN:66,(anonymous_10)
FNF:11
FNH:0
FNDA:0,(anonymous_0)
FNDA:0,(anonymous_1)
FNDA:0,(anonymous_2)
FNDA:0,(anonymous_3)
FNDA:0,(anonymous_4)
FNDA:0,(anonymous_5)
FNDA:0,(anonymous_6)
FNDA:0,(anonymous_7)
FNDA:0,(anonymous_8)
FNDA:0,(anonymous_9)
FNDA:0,(anonymous_10)
DA:6,0
DA:9,0
DA:10,0
DA:11,0
DA:13,0
DA:14,0
DA:18,0
DA:30,0
DA:34,0
DA:35,0
DA:37,0
DA:39,0
DA:40,0
DA:45,0
DA:49,0
DA:53,0
DA:54,0
DA:58,0
DA:60,0
DA:63,0
DA:64,0
DA:67,0
DA:68,0
DA:80,0
LF:24
LH:0
BRDA:10,0,0,0
BRDA:10,0,1,0
BRDA:11,1,0,0
BRDA:11,1,1,0
BRDA:37,2,0,0
BRDA:37,2,1,0
BRDA:37,2,2,0
BRDA:39,3,0,0
BRDA:39,3,1,0
BRF:9
BRH:0
end_of_record
TN:
SF:src\slices\transactionSlice.js
FN:8,(anonymous_0)
FN:39,(anonymous_1)
FN:43,(anonymous_2)
FN:45,(anonymous_3)
FN:49,(anonymous_4)
FN:53,(anonymous_5)
FNF:6
FNH:0
FNDA:0,(anonymous_0)
FNDA:0,(anonymous_1)
FNDA:0,(anonymous_2)
FNDA:0,(anonymous_3)
FNDA:0,(anonymous_4)
FNDA:0,(anonymous_5)
DA:6,0
DA:9,0
DA:10,0
DA:11,0
DA:13,0
DA:14,0
DA:15,0
DA:18,0
DA:19,0
DA:20,0
DA:22,0
DA:23,0
DA:24,0
DA:27,0
DA:28,0
DA:35,0
DA:40,0
DA:44,0
DA:46,0
DA:47,0
DA:50,0
DA:51,0
DA:54,0
DA:55,0
DA:60,0
LF:25
LH:0
BRDA:10,0,0,0
BRDA:10,0,1,0
BRDA:11,1,0,0
BRDA:11,1,1,0
BRDA:15,2,0,0
BRDA:15,2,1,0
BRDA:15,3,0,0
BRDA:15,3,1,0
BRDA:20,4,0,0
BRDA:20,4,1,0
BRDA:20,5,0,0
BRDA:20,5,1,0
BRDA:24,6,0,0
BRDA:24,6,1,0
BRDA:24,7,0,0
BRDA:24,7,1,0
BRF:16
BRH:0
end_of_record
TN:
SF:src\slices\tripSlice.js
FN:6,(anonymous_0)
FN:15,(anonymous_1)
FN:17,(anonymous_2)
FN:21,(anonymous_3)
FN:25,(anonymous_4)
FNF:5
FNH:0
FNDA:0,(anonymous_0)
FNDA:0,(anonymous_1)
FNDA:0,(anonymous_2)
FNDA:0,(anonymous_3)
FNDA:0,(anonymous_4)
DA:6,0
DA:7,0
DA:8,0
DA:11,0
DA:16,0
DA:18,0
DA:19,0
DA:22,0
DA:23,0
DA:26,0
DA:27,0
LF:11
LH:0
BRF:0
BRH:0
end_of_record
TN:
SF:src\slices\uiSlice.js
FN:7,(anonymous_0)
FN:10,(anonymous_1)
FNF:2
FNH:0
FNDA:0,(anonymous_0)
FNDA:0,(anonymous_1)
DA:3,1
DA:8,0
DA:11,0
DA:16,1
LF:4
LH:2
BRDA:8,0,0,0
BRDA:8,0,1,0
BRF:2
BRH:0
end_of_record
TN:
SF:src\slices\walletSlice.js
FN:6,(anonymous_0)
FN:18,(anonymous_1)
FN:34,(anonymous_2)
FN:51,(anonymous_3)
FN:63,(anonymous_4)
FN:87,(anonymous_5)
FN:90,(anonymous_6)
FN:94,(anonymous_7)
FN:97,(anonymous_8)
FN:101,(anonymous_9)
FN:111,(anonymous_10)
FN:116,(anonymous_11)
FN:120,(anonymous_12)
FN:124,(anonymous_13)
FN:129,(anonymous_14)
FN:133,(anonymous_15)
FN:139,(anonymous_16)
FN:144,(anonymous_17)
FN:148,(anonymous_18)
FN:153,(anonymous_19)
FN:158,(anonymous_20)
FNF:21
FNH:0
FNDA:0,(anonymous_0)
FNDA:0,(anonymous_1)
FNDA:0,(anonymous_2)
FNDA:0,(anonymous_3)
FNDA:0,(anonymous_4)
FNDA:0,(anonymous_5)
FNDA:0,(anonymous_6)
FNDA:0,(anonymous_7)
FNDA:0,(anonymous_8)
FNDA:0,(anonymous_9)
FNDA:0,(anonymous_10)
FNDA:0,(anonymous_11)
FNDA:0,(anonymous_12)
FNDA:0,(anonymous_13)
FNDA:0,(anonymous_14)
FNDA:0,(anonymous_15)
FNDA:0,(anonymous_16)
FNDA:0,(anonymous_17)
FNDA:0,(anonymous_18)
FNDA:0,(anonymous_19)
FNDA:0,(anonymous_20)
DA:4,0
DA:7,0
DA:8,0
DA:9,0
DA:11,0
DA:16,0
DA:19,0
DA:20,0
DA:25,0
DA:27,0
DA:32,0
DA:35,0
DA:36,0
DA:42,0
DA:44,0
DA:49,0
DA:52,0
DA:53,0
DA:54,0
DA:56,0
DA:61,0
DA:64,0
DA:65,0
DA:68,0
DA:70,0
DA:75,0
DA:88,0
DA:91,0
DA:95,0
DA:98,0
DA:99,0
DA:102,0
DA:103,0
DA:104,0
DA:105,0
DA:107,0
DA:109,0
DA:112,0
DA:113,0
DA:117,0
DA:118,0
DA:121,0
DA:122,0
DA:125,0
DA:126,0
DA:130,0
DA:131,0
DA:134,0
DA:135,0
DA:136,0
DA:140,0
DA:141,0
DA:145,0
DA:146,0
DA:149,0
DA:150,0
DA:151,0
DA:154,0
DA:155,0
DA:159,0
DA:164,0
LF:61
LH:0
BRDA:27,0,0,0
BRDA:27,0,1,0
BRDA:40,1,0,0
BRDA:40,1,1,0
BRDA:44,2,0,0
BRDA:44,2,1,0
BRDA:56,3,0,0
BRDA:56,3,1,0
BRDA:63,4,0,0
BRDA:63,5,0,0
BRDA:70,6,0,0
BRDA:70,6,1,0
BRDA:103,7,0,0
BRDA:103,7,1,0
BRDA:107,8,0,0
BRDA:107,8,1,0
BRDA:109,9,0,0
BRDA:109,9,1,0
BRDA:113,10,0,0
BRDA:113,10,1,0
BRDA:126,11,0,0
BRDA:126,11,1,0
BRDA:135,12,0,0
BRDA:135,12,1,0
BRDA:141,13,0,0
BRDA:141,13,1,0
BRDA:155,14,0,0
BRDA:155,14,1,0
BRDA:159,15,0,0
BRDA:159,15,1,0
BRF:30
BRH:0
end_of_record
TN:
SF:src\store\store.js
FNF:0
FNH:0
DA:15,0
LF:1
LH:0
BRF:0
BRH:0
end_of_record
TN:
SF:src\utils\razorpay.js
FN:2,loadRazorpayScript
FN:3,(anonymous_1)
FN:9,(anonymous_2)
FN:10,(anonymous_3)
FN:29,openRazorpayCheckout
FN:43,(anonymous_5)
FN:53,(anonymous_6)
FN:62,(anonymous_7)
FNF:8
FNH:0
FNDA:0,loadRazorpayScript
FNDA:0,(anonymous_1)
FNDA:0,(anonymous_2)
FNDA:0,(anonymous_3)
FNDA:0,openRazorpayCheckout
FNDA:0,(anonymous_5)
FNDA:0,(anonymous_6)
FNDA:0,(anonymous_7)
DA:3,0
DA:4,0
DA:6,0
DA:7,0
DA:8,0
DA:9,0
DA:10,0
DA:12,0
DA:40,0
DA:41,0
DA:43,0
DA:44,0
DA:54,0
DA:55,0
DA:56,0
DA:58,0
DA:62,0
DA:66,0
DA:67,0
LF:19
LH:0
BRDA:4,0,0,0
BRDA:4,0,1,0
BRDA:32,1,0,0
BRDA:36,2,0,0
BRDA:38,3,0,0
BRDA:41,4,0,0
BRDA:41,4,1,0
BRF:7
BRH:0
end_of_record
